Using pre-set license
Built from '2021.3/staging' branch; Version is '2021.3.8f1 (b30333d56e81) revision 11731763'; Using compiler version '192829333'; Build Type 'Release'
OS: 'Windows 10  (10.0.19044) 64bit Education' Language: 'ko' Physical Memory: 16304 MB
BatchMode: 1, IsHumanControllingUs: 0, StartBugReporterOnCrash: 0, Is64bit: 1, IsPro: 1

COMMAND LINE ARGUMENTS:
C:\Program Files\Unity\Hub\Editor\2021.3.8f1\Editor\Unity.exe
-adb2
-batchMode
-noUpm
-name
AssetImportWorker2
-projectPath
C:/Work Space/GitHub/Project-A/MapGenerator
-logFile
Logs/AssetImportWorker2.log
-srvPort
6865
Successfully changed project path to: C:/Work Space/GitHub/Project-A/MapGenerator
C:/Work Space/GitHub/Project-A/MapGenerator
[UnityMemory] Configuration Parameters - Can be set up in boot.config
    "memorysetup-bucket-allocator-granularity=16"
    "memorysetup-bucket-allocator-bucket-count=8"
    "memorysetup-bucket-allocator-block-size=33554432"
    "memorysetup-bucket-allocator-block-count=8"
    "memorysetup-main-allocator-block-size=16777216"
    "memorysetup-thread-allocator-block-size=16777216"
    "memorysetup-gfx-main-allocator-block-size=16777216"
    "memorysetup-gfx-thread-allocator-block-size=16777216"
    "memorysetup-cache-allocator-block-size=4194304"
    "memorysetup-typetree-allocator-block-size=2097152"
    "memorysetup-profiler-bucket-allocator-granularity=16"
    "memorysetup-profiler-bucket-allocator-bucket-count=8"
    "memorysetup-profiler-bucket-allocator-block-size=33554432"
    "memorysetup-profiler-bucket-allocator-block-count=8"
    "memorysetup-profiler-allocator-block-size=16777216"
    "memorysetup-profiler-editor-allocator-block-size=1048576"
    "memorysetup-temp-allocator-size-main=16777216"
    "memorysetup-job-temp-allocator-block-size=2097152"
    "memorysetup-job-temp-allocator-block-size-background=1048576"
    "memorysetup-job-temp-allocator-reduction-small-platforms=262144"
    "memorysetup-temp-allocator-size-background-worker=32768"
    "memorysetup-temp-allocator-size-job-worker=262144"
    "memorysetup-temp-allocator-size-preload-manager=33554432"
    "memorysetup-temp-allocator-size-nav-mesh-worker=65536"
    "memorysetup-temp-allocator-size-audio-worker=65536"
    "memorysetup-temp-allocator-size-cloud-worker=32768"
    "memorysetup-temp-allocator-size-gi-baking-worker=262144"
    "memorysetup-temp-allocator-size-gfx=262144"
Refreshing native plugins compatible for Editor in 82.17 ms, found 4 plugins.
Preloading 0 native plugins for Editor in 0.00 ms.
Initialize engine version: 2021.3.8f1 (b30333d56e81)
[Subsystems] Discovering subsystems at path C:/Program Files/Unity/Hub/Editor/2021.3.8f1/Editor/Data/Resources/UnitySubsystems
[Subsystems] Discovering subsystems at path C:/Work Space/GitHub/Project-A/MapGenerator/Assets
GfxDevice: creating device client; threaded=0; jobified=0
Direct3D:
    Version:  Direct3D 11.0 [level 11.1]
    Renderer: NVIDIA GeForce RTX 3090 Ti (ID=0x2203)
    Vendor:   NVIDIA
    VRAM:     24336 MB
    Driver:   31.0.15.2225
Initialize mono
Mono path[0] = 'C:/Program Files/Unity/Hub/Editor/2021.3.8f1/Editor/Data/Managed'
Mono path[1] = 'C:/Program Files/Unity/Hub/Editor/2021.3.8f1/Editor/Data/MonoBleedingEdge/lib/mono/unityjit-win32'
Mono config path = 'C:/Program Files/Unity/Hub/Editor/2021.3.8f1/Editor/Data/MonoBleedingEdge/etc'
Using monoOptions --debugger-agent=transport=dt_socket,embedding=1,server=y,suspend=n,address=127.0.0.1:56052
Begin MonoManager ReloadAssembly
Registering precompiled unity dll's ...
Register platform support module: C:/Program Files/Unity/Hub/Editor/2021.3.8f1/Editor/Data/PlaybackEngines/WindowsStandaloneSupport/UnityEditor.WindowsStandalone.Extensions.dll
Registered in 0.008005 seconds.
Native extension for WindowsStandalone target not found
Refreshing native plugins compatible for Editor in 77.41 ms, found 4 plugins.
Preloading 0 native plugins for Editor in 0.00 ms.
Mono: successfully reloaded assembly
- Completed reload, in  0.551 seconds
Domain Reload Profiling:
	ReloadAssembly (551ms)
		BeginReloadAssembly (70ms)
			ExecutionOrderSort (0ms)
			DisableScriptedObjects (0ms)
			BackupInstance (0ms)
			ReleaseScriptingObjects (0ms)
			CreateAndSetChildDomain (1ms)
		EndReloadAssembly (378ms)
			LoadAssemblies (67ms)
			RebuildTransferFunctionScriptingTraits (0ms)
			SetupTypeCache (87ms)
			ReleaseScriptCaches (0ms)
			RebuildScriptCaches (23ms)
			SetupLoadedEditorAssemblies (224ms)
				LogAssemblyErrors (0ms)
				InitializePlatformSupportModulesInManaged (7ms)
				SetLoadedEditorAssemblies (0ms)
				RefreshPlugins (77ms)
				BeforeProcessingInitializeOnLoad (1ms)
				ProcessInitializeOnLoadAttributes (101ms)
				ProcessInitializeOnLoadMethodAttributes (37ms)
				AfterProcessingInitializeOnLoad (0ms)
				EditorAssembliesLoaded (0ms)
			ExecutionOrderSort2 (0ms)
			AwakeInstancesAfterBackupRestoration (0ms)
Platform modules already initialized, skipping
Registering precompiled user dll's ...
Registered in 0.009728 seconds.
Begin MonoManager ReloadAssembly
Symbol file LoadedFromMemory doesn't match image C:\Work Space\GitHub\Project-A\MapGenerator\Library\PackageCache\com.unity.visualscripting@1.7.8\Editor\VisualScripting.Core\Dependencies\YamlDotNet\Unity.VisualScripting.YamlDotNet.dll
Symbol file LoadedFromMemory doesn't match image C:\Work Space\GitHub\Project-A\MapGenerator\Library\PackageCache\com.unity.visualscripting@1.7.8\Editor\VisualScripting.Core\Dependencies\DotNetZip\Unity.VisualScripting.IonicZip.dll
Native extension for WindowsStandalone target not found
Refreshing native plugins compatible for Editor in 77.28 ms, found 4 plugins.
Preloading 0 native plugins for Editor in 0.00 ms.
Mono: successfully reloaded assembly
- Completed reload, in  0.970 seconds
Domain Reload Profiling:
	ReloadAssembly (970ms)
		BeginReloadAssembly (98ms)
			ExecutionOrderSort (0ms)
			DisableScriptedObjects (5ms)
			BackupInstance (0ms)
			ReleaseScriptingObjects (0ms)
			CreateAndSetChildDomain (16ms)
		EndReloadAssembly (770ms)
			LoadAssemblies (82ms)
			RebuildTransferFunctionScriptingTraits (0ms)
			SetupTypeCache (201ms)
			ReleaseScriptCaches (1ms)
			RebuildScriptCaches (48ms)
			SetupLoadedEditorAssemblies (403ms)
				LogAssemblyErrors (0ms)
				InitializePlatformSupportModulesInManaged (4ms)
				SetLoadedEditorAssemblies (0ms)
				RefreshPlugins (77ms)
				BeforeProcessingInitializeOnLoad (89ms)
				ProcessInitializeOnLoadAttributes (186ms)
				ProcessInitializeOnLoadMethodAttributes (36ms)
				AfterProcessingInitializeOnLoad (10ms)
				EditorAssembliesLoaded (0ms)
			ExecutionOrderSort2 (0ms)
			AwakeInstancesAfterBackupRestoration (4ms)
Platform modules already initialized, skipping
========================================================================
Worker process is ready to serve import requests
Launched and connected shader compiler UnityShaderCompiler.exe after 0.03 seconds
Refreshing native plugins compatible for Editor in 0.66 ms, found 4 plugins.
Preloading 0 native plugins for Editor in 0.00 ms.
Unloading 4081 Unused Serialized files (Serialized files now loaded: 0)
Unloading 43 unused Assets / (197.7 KB). Loaded Objects now: 4535.
Memory consumption went from 153.1 MB to 152.9 MB.
Total: 2.915000 ms (FindLiveObjects: 0.292200 ms CreateObjectMapping: 0.274900 ms MarkObjects: 2.229900 ms  DeleteObjects: 0.117200 ms)

AssetImportParameters requested are different than current active one (requested -> active):
  custom:video-decoder-ogg-theora: a1e56fd34408186e4bbccfd4996cb3dc -> 
  custom:container-muxer-webm: aa71ff27fc2769a1b78a27578f13a17b -> 
  custom:container-demuxer-webm: 4f35f7cbe854078d1ac9338744f61a02 -> 
  custom:video-encoder-webm-vp8: eb34c28f22e8b96e1ab97ce403110664 -> 
  custom:audio-encoder-webm-vorbis: bf7c407c2cedff20999df2af8eb42d56 -> 
  custom:framework-win-MediaFoundation: 216162199b28c13a410421893ffa2e32 -> 
  custom:container-demuxer-ogg: 62fdf1f143b41e24485cea50d1cbac27 -> 
  custom:video-decoder-webm-vp8: 9c59270c3fd7afecdb556c50c9e8de78 -> 
  custom:audio-decoder-ogg-vorbis: bf7c407c2cedff20999df2af8eb42d56 -> 
========================================================================
Received Import Request.
  Time since last request: 949660.817860 seconds.
  path: Assets/Resources/Prefabs/NomarMap
  artifactKey: Guid(a85da3918ad771047aefb5e6c7ef8b2a) Importer(815301076,1909f56bfc062723c751e8b465ee728b)
Start importing Assets/Resources/Prefabs/NomarMap using Guid(a85da3918ad771047aefb5e6c7ef8b2a) Importer(815301076,1909f56bfc062723c751e8b465ee728b)  -> (artifact id: '89e3f62cee17a2e01fd8bbd89984dd8c') in 0.005972 seconds 
========================================================================
Received Import Request.
  Time since last request: 0.052678 seconds.
  path: Assets/Resources/Prefabs/NomarMap/2DNormalRoom.prefab
  artifactKey: Guid(767ac88442916044484937064c905e1e) Importer(815301076,1909f56bfc062723c751e8b465ee728b)
Start importing Assets/Resources/Prefabs/NomarMap/2DNormalRoom.prefab using Guid(767ac88442916044484937064c905e1e) Importer(815301076,1909f56bfc062723c751e8b465ee728b)  -> (artifact id: 'b49ab4657eccf4a0855628ba2a0a5ada') in 0.187056 seconds 
========================================================================
Received Import Request.
  Time since last request: 2.018677 seconds.
  path: Assets/Resources/Prefabs/Room/2DDoor.prefab
  artifactKey: Guid(2218fc7f6617f2741ac704a489c4936f) Importer(815301076,1909f56bfc062723c751e8b465ee728b)
Start importing Assets/Resources/Prefabs/Room/2DDoor.prefab using Guid(2218fc7f6617f2741ac704a489c4936f) Importer(815301076,1909f56bfc062723c751e8b465ee728b)  -> (artifact id: '2e8a32cfd2fd963237c3847c9c7e8182') in 0.004601 seconds 
========================================================================
Received Import Request.
  Time since last request: 0.000025 seconds.
  path: Assets/Resources/Prefabs/Room/Minimap.prefab
  artifactKey: Guid(c86e3310c4a8f204fba0874e85144a09) Importer(815301076,1909f56bfc062723c751e8b465ee728b)
Start importing Assets/Resources/Prefabs/Room/Minimap.prefab using Guid(c86e3310c4a8f204fba0874e85144a09) Importer(815301076,1909f56bfc062723c751e8b465ee728b)  -> (artifact id: '85c59196a1c154853f0466892cc79818') in 0.075656 seconds 
========================================================================
Received Import Request.
  Time since last request: 449.257125 seconds.
  path: Assets/Resources/Texture
  artifactKey: Guid(bef4a3f426dd4b54e8a3b6e3c840760e) Importer(815301076,1909f56bfc062723c751e8b465ee728b)
Start importing Assets/Resources/Texture using Guid(bef4a3f426dd4b54e8a3b6e3c840760e) Importer(815301076,1909f56bfc062723c751e8b465ee728b)  -> (artifact id: '831e3c740ef81c1ce0f3eab625abded8') in 0.001575 seconds 
========================================================================
Received Import Request.
  Time since last request: 0.040880 seconds.
  path: Assets/Resources/Texture/MinimapRenderTexture.renderTexture
  artifactKey: Guid(0b96d59b0fccc8c45bd7a7cf0111244d) Importer(815301076,1909f56bfc062723c751e8b465ee728b)
Start importing Assets/Resources/Texture/MinimapRenderTexture.renderTexture using Guid(0b96d59b0fccc8c45bd7a7cf0111244d) Importer(815301076,1909f56bfc062723c751e8b465ee728b)  -> (artifact id: 'f8906c7bf4fc898427d0196eeb62060a') in 0.014257 seconds 
========================================================================
Received Import Request.
  Time since last request: 10.928513 seconds.
  path: Assets/Resources/Texture/Boss.png
  artifactKey: Guid(d26db4ca7689f1147bac48e47550d1aa) Importer(815301076,1909f56bfc062723c751e8b465ee728b)
Start importing Assets/Resources/Texture/Boss.png using Guid(d26db4ca7689f1147bac48e47550d1aa) Importer(815301076,1909f56bfc062723c751e8b465ee728b)  -> (artifact id: '7a08c9de63f2f2a58daa130bf45658f8') in 0.047168 seconds 
========================================================================
Received Import Request.
  Time since last request: 90.787522 seconds.
  path: Assets/Resources/Texture/Normal.asset
  artifactKey: Guid(cbb63ac9992e1e747b95082fa3c629c4) Importer(815301076,1909f56bfc062723c751e8b465ee728b)
Start importing Assets/Resources/Texture/Normal.asset using Guid(cbb63ac9992e1e747b95082fa3c629c4) Importer(815301076,1909f56bfc062723c751e8b465ee728b)  -> (artifact id: '59bce9f3eab98c3722a96fcc152965c2') in 0.009725 seconds 
========================================================================
Received Import Request.
  Time since last request: 9.605461 seconds.
  path: Assets/Resources/Texture/Boss.asset
  artifactKey: Guid(11545fd32ac60504d98f372bd2a5ce4a) Importer(815301076,1909f56bfc062723c751e8b465ee728b)
Start importing Assets/Resources/Texture/Boss.asset using Guid(11545fd32ac60504d98f372bd2a5ce4a) Importer(815301076,1909f56bfc062723c751e8b465ee728b)  -> (artifact id: '568fc2342d6d4fc0674ebbe7f184d8ea') in 0.006752 seconds 
========================================================================
Received Import Request.
  Time since last request: 105.047729 seconds.
  path: Assets/Resources/Texture/Tilemap.prefab
  artifactKey: Guid(82accfe858c8f5a43bdeeaab9713adaa) Importer(815301076,1909f56bfc062723c751e8b465ee728b)
Start importing Assets/Resources/Texture/Tilemap.prefab using Guid(82accfe858c8f5a43bdeeaab9713adaa) Importer(815301076,1909f56bfc062723c751e8b465ee728b)  -> (artifact id: 'dce563eb3e0d67935946d5fa747a4e14') in 0.010238 seconds 
========================================================================
Received Import Request.
  Time since last request: 210.980327 seconds.
  path: Assets/Resources/Texture/Tilemap.prefab
  artifactKey: Guid(82accfe858c8f5a43bdeeaab9713adaa) Importer(815301076,1909f56bfc062723c751e8b465ee728b)
Start importing Assets/Resources/Texture/Tilemap.prefab using Guid(82accfe858c8f5a43bdeeaab9713adaa) Importer(815301076,1909f56bfc062723c751e8b465ee728b)  -> (artifact id: '13dbdb88a9bd74e18b491e3ed4d7cf6c') in 0.013075 seconds 
========================================================================
Received Import Request.
  Time since last request: 14.711006 seconds.
  path: Assets/Resources/Texture/Tilemap.prefab
  artifactKey: Guid(82accfe858c8f5a43bdeeaab9713adaa) Importer(815301076,1909f56bfc062723c751e8b465ee728b)
Start importing Assets/Resources/Texture/Tilemap.prefab using Guid(82accfe858c8f5a43bdeeaab9713adaa) Importer(815301076,1909f56bfc062723c751e8b465ee728b)  -> (artifact id: '0da665511d3f2ccff687bd107158a63a') in 0.014545 seconds 
========================================================================
Received Import Request.
  Time since last request: 47.305072 seconds.
  path: Assets/Resources/Texture/Tilemap.prefab
  artifactKey: Guid(82accfe858c8f5a43bdeeaab9713adaa) Importer(815301076,1909f56bfc062723c751e8b465ee728b)
Start importing Assets/Resources/Texture/Tilemap.prefab using Guid(82accfe858c8f5a43bdeeaab9713adaa) Importer(815301076,1909f56bfc062723c751e8b465ee728b)  -> (artifact id: '05810efafe388b571dc68468fff7bc0a') in 0.012915 seconds 
========================================================================
Received Import Request.
  Time since last request: 443.112275 seconds.
  path: Assets/Resources/Prefabs/Room/2DWall.prefab
  artifactKey: Guid(74ac51e05c3d56f4fac375dd8458a9b3) Importer(815301076,1909f56bfc062723c751e8b465ee728b)
Start importing Assets/Resources/Prefabs/Room/2DWall.prefab using Guid(74ac51e05c3d56f4fac375dd8458a9b3) Importer(815301076,1909f56bfc062723c751e8b465ee728b)  -> (artifact id: '9f7a81d2febe00c97051cb8e5481a731') in 0.013121 seconds 
========================================================================
Received Import Request.
  Time since last request: 274.117235 seconds.
  path: ProjectSettings/TagManager.asset
  artifactKey: Guid(00000000000000003000000000000000) Importer(815301076,1909f56bfc062723c751e8b465ee728b)
Start importing ProjectSettings/TagManager.asset using Guid(00000000000000003000000000000000) Importer(815301076,1909f56bfc062723c751e8b465ee728b)  -> (artifact id: '5f74b9f0782f3ffe8a654b2b60a9f33c') in 0.002231 seconds 
========================================================================
Received Import Request.
  Time since last request: 704.599074 seconds.
  path: Assets/Resources/Prefabs/2DRoom
  artifactKey: Guid(7d97c9dbefb96a943a0efdd1a3edc0e2) Importer(815301076,1909f56bfc062723c751e8b465ee728b)
Start importing Assets/Resources/Prefabs/2DRoom using Guid(7d97c9dbefb96a943a0efdd1a3edc0e2) Importer(815301076,1909f56bfc062723c751e8b465ee728b)  -> (artifact id: 'ed5ec0839a2d92fb0b3e190bd2b4a959') in 0.001403 seconds 
========================================================================
Received Import Request.
  Time since last request: 10.309902 seconds.
  path: Assets/Resources/Prefabs/2DRoom/2DWall.prefab
  artifactKey: Guid(df94bb9ec2e80fe419fe6df82b0acc58) Importer(815301076,1909f56bfc062723c751e8b465ee728b)
Start importing Assets/Resources/Prefabs/2DRoom/2DWall.prefab using Guid(df94bb9ec2e80fe419fe6df82b0acc58) Importer(815301076,1909f56bfc062723c751e8b465ee728b)  -> (artifact id: 'cb7216ab0a9e56f6892f36fdf471123c') in 0.008028 seconds 
========================================================================
Received Import Request.
  Time since last request: 17.093437 seconds.
  path: Assets/Resources/Prefabs/2DRoom/Wall.prefab
  artifactKey: Guid(df94bb9ec2e80fe419fe6df82b0acc58) Importer(815301076,1909f56bfc062723c751e8b465ee728b)
Start importing Assets/Resources/Prefabs/2DRoom/Wall.prefab using Guid(df94bb9ec2e80fe419fe6df82b0acc58) Importer(815301076,1909f56bfc062723c751e8b465ee728b)  -> (artifact id: '6dbf376abcb817a69e0fd01a6101461a') in 0.008628 seconds 
========================================================================
Received Import Request.
  Time since last request: 182.461968 seconds.
  path: Assets/Resources/Prefabs/BossMap/BossRoom.prefab
  artifactKey: Guid(ec28a967b09f6ba49b7619e3477813da) Importer(815301076,1909f56bfc062723c751e8b465ee728b)
Start importing Assets/Resources/Prefabs/BossMap/BossRoom.prefab using Guid(ec28a967b09f6ba49b7619e3477813da) Importer(815301076,1909f56bfc062723c751e8b465ee728b)  -> (artifact id: '846c8fcafd91d7bec19ce583466c5c26') in 0.017205 seconds 
========================================================================
Received Import Request.
  Time since last request: 377.064940 seconds.
  path: Assets/Resources/Prefabs/2DRoom/Room.prefab
  artifactKey: Guid(eaa015bb4e2590f43ab4fefb827605ab) Importer(815301076,1909f56bfc062723c751e8b465ee728b)
Start importing Assets/Resources/Prefabs/2DRoom/Room.prefab using Guid(eaa015bb4e2590f43ab4fefb827605ab) Importer(815301076,1909f56bfc062723c751e8b465ee728b)  -> (artifact id: 'db04f15da67137dc7ef175025b08dbce') in 0.009641 seconds 
========================================================================
Received Import Request.
  Time since last request: 47.749727 seconds.
  path: Assets/Resources/Prefabs/2DRoom/Room.prefab
  artifactKey: Guid(eaa015bb4e2590f43ab4fefb827605ab) Importer(815301076,1909f56bfc062723c751e8b465ee728b)
Start importing Assets/Resources/Prefabs/2DRoom/Room.prefab using Guid(eaa015bb4e2590f43ab4fefb827605ab) Importer(815301076,1909f56bfc062723c751e8b465ee728b)  -> (artifact id: '25a36497da3691bf0fd343fadc270e39') in 0.007884 seconds 
========================================================================
Received Import Request.
  Time since last request: 51.404790 seconds.
  path: Assets/Resources/Prefabs/2DRoom/Grid.prefab
  artifactKey: Guid(3aa8c8cf97ac3774896fbef0361d778a) Importer(815301076,1909f56bfc062723c751e8b465ee728b)
Start importing Assets/Resources/Prefabs/2DRoom/Grid.prefab using Guid(3aa8c8cf97ac3774896fbef0361d778a) Importer(815301076,1909f56bfc062723c751e8b465ee728b)  -> (artifact id: '63f4544a9849f3ad1e052326a9611280') in 0.007910 seconds 
========================================================================
Received Import Request.
  Time since last request: 671.734408 seconds.
  path: Assets/Resources/Prefabs/2DRoom/Room.prefab
  artifactKey: Guid(eaa015bb4e2590f43ab4fefb827605ab) Importer(815301076,1909f56bfc062723c751e8b465ee728b)
Start importing Assets/Resources/Prefabs/2DRoom/Room.prefab using Guid(eaa015bb4e2590f43ab4fefb827605ab) Importer(815301076,1909f56bfc062723c751e8b465ee728b)  -> (artifact id: '71919b26b39674e8dc310a76c9178a47') in 0.011516 seconds 
========================================================================
Received Import Request.
  Time since last request: 111.198926 seconds.
  path: Assets/Resources/Prefabs/BossMap/BossRoom.prefab
  artifactKey: Guid(ec28a967b09f6ba49b7619e3477813da) Importer(815301076,1909f56bfc062723c751e8b465ee728b)
Start importing Assets/Resources/Prefabs/BossMap/BossRoom.prefab using Guid(ec28a967b09f6ba49b7619e3477813da) Importer(815301076,1909f56bfc062723c751e8b465ee728b)  -> (artifact id: '3524aaaf17be7b188398288794e21327') in 0.011045 seconds 
========================================================================
Received Import Request.
  Time since last request: 2.527862 seconds.
  path: Assets/Resources/Prefabs/UI/Created.prefab
  artifactKey: Guid(47e89ac27770f084b924f509534737ec) Importer(815301076,1909f56bfc062723c751e8b465ee728b)
Start importing Assets/Resources/Prefabs/UI/Created.prefab using Guid(47e89ac27770f084b924f509534737ec) Importer(815301076,1909f56bfc062723c751e8b465ee728b)  -> (artifact id: '93374408f566e63bab169fef003b84a0') in 0.010732 seconds 
========================================================================
Received Import Request.
  Time since last request: 30.296633 seconds.
  path: Assets/Resources/Prefabs/Room
  artifactKey: Guid(b4b5fcb5480028f449ff4e3158e3bb7d) Importer(815301076,1909f56bfc062723c751e8b465ee728b)
Start importing Assets/Resources/Prefabs/Room using Guid(b4b5fcb5480028f449ff4e3158e3bb7d) Importer(815301076,1909f56bfc062723c751e8b465ee728b)  -> (artifact id: 'de3440503669f17b49b292c9ddb4b8e8') in 0.001512 seconds 
========================================================================
Received Import Request.
  Time since last request: 82.718850 seconds.
  path: Packages/com.unity.2d.sprite/Editor/ObjectMenuCreation/DefaultAssets/Textures/v2/9Sliced.png
  artifactKey: Guid(8884154dfe85442a3a3578be807dbcdf) Importer(815301076,1909f56bfc062723c751e8b465ee728b)
Start importing Packages/com.unity.2d.sprite/Editor/ObjectMenuCreation/DefaultAssets/Textures/v2/9Sliced.png using Guid(8884154dfe85442a3a3578be807dbcdf) Importer(815301076,1909f56bfc062723c751e8b465ee728b)  -> (artifact id: '6f01a1a23a0c3f47b320625f9dbc1d0e') in 0.024574 seconds 
========================================================================
Received Import Request.
  Time since last request: 0.000029 seconds.
  path: Packages/com.unity.2d.sprite/Editor/ObjectMenuCreation/DefaultAssets/Textures/v2/Square.png
  artifactKey: Guid(311925a002f4447b3a28927169b83ea6) Importer(815301076,1909f56bfc062723c751e8b465ee728b)
Start importing Packages/com.unity.2d.sprite/Editor/ObjectMenuCreation/DefaultAssets/Textures/v2/Square.png using Guid(311925a002f4447b3a28927169b83ea6) Importer(815301076,1909f56bfc062723c751e8b465ee728b)  -> (artifact id: 'd2d02ecdfdcf2d9682287ec898dfbf31') in 0.029282 seconds 
========================================================================
Received Import Request.
  Time since last request: 0.000017 seconds.
  path: Packages/com.unity.2d.sprite/Editor/ObjectMenuCreation/DefaultAssets/Textures/v2/Circle.png
  artifactKey: Guid(a86470a33a6bf42c4b3595704624658b) Importer(815301076,1909f56bfc062723c751e8b465ee728b)
Start importing Packages/com.unity.2d.sprite/Editor/ObjectMenuCreation/DefaultAssets/Textures/v2/Circle.png using Guid(a86470a33a6bf42c4b3595704624658b) Importer(815301076,1909f56bfc062723c751e8b465ee728b)  -> (artifact id: 'f936152b48653bb2f63165bc5f59ba06') in 0.020097 seconds 
========================================================================
Received Import Request.
  Time since last request: 0.000020 seconds.
  path: Packages/com.unity.2d.sprite/Editor/ObjectMenuCreation/DefaultAssets/Textures/v2/HexagonFlatTop.png
  artifactKey: Guid(b670ab75dde984907b8570040daa08c5) Importer(815301076,1909f56bfc062723c751e8b465ee728b)
Start importing Packages/com.unity.2d.sprite/Editor/ObjectMenuCreation/DefaultAssets/Textures/v2/HexagonFlatTop.png using Guid(b670ab75dde984907b8570040daa08c5) Importer(815301076,1909f56bfc062723c751e8b465ee728b)  -> (artifact id: 'a675bcad70e4d3bccb1a27ff20e673c9') in 0.013603 seconds 
Editor requested this worker to shutdown with reason: Scaling down because of idle timeout
AssetImportWorker is now disconnected from the server
Process exiting
Exiting without the bug reporter. Application will terminate with return code 0