Using pre-set license
Built from '2021.3/staging' branch; Version is '2021.3.8f1 (b30333d56e81) revision 11731763'; Using compiler version '192829333'; Build Type 'Release'
OS: 'Windows 10  (10.0.19044) 64bit Professional' Language: 'ko' Physical Memory: 16190 MB
BatchMode: 1, IsHumanControllingUs: 0, StartBugReporterOnCrash: 0, Is64bit: 1, IsPro: 1

COMMAND LINE ARGUMENTS:
C:\Program Files\Unity 2021.3.8f1\Editor\Unity.exe
-adb2
-batchMode
-noUpm
-name
AssetImportWorker1
-projectPath
D:/Project/Unity/Git/Project-A/Combine
-logFile
Logs/AssetImportWorker1.log
-srvPort
54184
Successfully changed project path to: D:/Project/Unity/Git/Project-A/Combine
D:/Project/Unity/Git/Project-A/Combine
[UnityMemory] Configuration Parameters - Can be set up in boot.config
    "memorysetup-bucket-allocator-granularity=16"
    "memorysetup-bucket-allocator-bucket-count=8"
    "memorysetup-bucket-allocator-block-size=33554432"
    "memorysetup-bucket-allocator-block-count=8"
    "memorysetup-main-allocator-block-size=16777216"
    "memorysetup-thread-allocator-block-size=16777216"
    "memorysetup-gfx-main-allocator-block-size=16777216"
    "memorysetup-gfx-thread-allocator-block-size=16777216"
    "memorysetup-cache-allocator-block-size=4194304"
    "memorysetup-typetree-allocator-block-size=2097152"
    "memorysetup-profiler-bucket-allocator-granularity=16"
    "memorysetup-profiler-bucket-allocator-bucket-count=8"
    "memorysetup-profiler-bucket-allocator-block-size=33554432"
    "memorysetup-profiler-bucket-allocator-block-count=8"
    "memorysetup-profiler-allocator-block-size=16777216"
    "memorysetup-profiler-editor-allocator-block-size=1048576"
    "memorysetup-temp-allocator-size-main=16777216"
    "memorysetup-job-temp-allocator-block-size=2097152"
    "memorysetup-job-temp-allocator-block-size-background=1048576"
    "memorysetup-job-temp-allocator-reduction-small-platforms=262144"
    "memorysetup-temp-allocator-size-background-worker=32768"
    "memorysetup-temp-allocator-size-job-worker=262144"
    "memorysetup-temp-allocator-size-preload-manager=33554432"
    "memorysetup-temp-allocator-size-nav-mesh-worker=65536"
    "memorysetup-temp-allocator-size-audio-worker=65536"
    "memorysetup-temp-allocator-size-cloud-worker=32768"
    "memorysetup-temp-allocator-size-gi-baking-worker=262144"
    "memorysetup-temp-allocator-size-gfx=262144"
Refreshing native plugins compatible for Editor in 124.02 ms, found 4 plugins.
Preloading 0 native plugins for Editor in 0.00 ms.
Initialize engine version: 2021.3.8f1 (b30333d56e81)
[Subsystems] Discovering subsystems at path C:/Program Files/Unity 2021.3.8f1/Editor/Data/Resources/UnitySubsystems
[Subsystems] Discovering subsystems at path D:/Project/Unity/Git/Project-A/Combine/Assets
GfxDevice: creating device client; threaded=0; jobified=0
Direct3D:
    Version:  Direct3D 11.0 [level 11.1]
    Renderer: NVIDIA GeForce GTX 1080 (ID=0x1b80)
    Vendor:   NVIDIA
    VRAM:     8079 MB
    Driver:   27.21.14.5751
Initialize mono
Mono path[0] = 'C:/Program Files/Unity 2021.3.8f1/Editor/Data/Managed'
Mono path[1] = 'C:/Program Files/Unity 2021.3.8f1/Editor/Data/MonoBleedingEdge/lib/mono/unityjit-win32'
Mono config path = 'C:/Program Files/Unity 2021.3.8f1/Editor/Data/MonoBleedingEdge/etc'
Using monoOptions --debugger-agent=transport=dt_socket,embedding=1,server=y,suspend=n,address=127.0.0.1:56500
Begin MonoManager ReloadAssembly
Registering precompiled unity dll's ...
Register platform support module: C:/Program Files/Unity 2021.3.8f1/Editor/Data/PlaybackEngines/AndroidPlayer/UnityEditor.Android.Extensions.dll
Register platform support module: C:/Program Files/Unity 2021.3.8f1/Editor/Data/PlaybackEngines/WindowsStandaloneSupport/UnityEditor.WindowsStandalone.Extensions.dll
Registered in 0.005876 seconds.
Native extension for WindowsStandalone target not found
Native extension for Android target not found
Refreshing native plugins compatible for Editor in 123.34 ms, found 4 plugins.
Preloading 0 native plugins for Editor in 0.00 ms.
Mono: successfully reloaded assembly
- Completed reload, in  0.732 seconds
Domain Reload Profiling:
	ReloadAssembly (733ms)
		BeginReloadAssembly (86ms)
			ExecutionOrderSort (0ms)
			DisableScriptedObjects (0ms)
			BackupInstance (0ms)
			ReleaseScriptingObjects (0ms)
			CreateAndSetChildDomain (1ms)
		EndReloadAssembly (531ms)
			LoadAssemblies (84ms)
			RebuildTransferFunctionScriptingTraits (0ms)
			SetupTypeCache (114ms)
			ReleaseScriptCaches (0ms)
			RebuildScriptCaches (29ms)
			SetupLoadedEditorAssemblies (335ms)
				LogAssemblyErrors (0ms)
				InitializePlatformSupportModulesInManaged (55ms)
				SetLoadedEditorAssemblies (0ms)
				RefreshPlugins (123ms)
				BeforeProcessingInitializeOnLoad (1ms)
				ProcessInitializeOnLoadAttributes (102ms)
				ProcessInitializeOnLoadMethodAttributes (53ms)
				AfterProcessingInitializeOnLoad (0ms)
				EditorAssembliesLoaded (0ms)
			ExecutionOrderSort2 (0ms)
			AwakeInstancesAfterBackupRestoration (0ms)
Platform modules already initialized, skipping
Registering precompiled user dll's ...
Registered in 0.005745 seconds.
Begin MonoManager ReloadAssembly
Symbol file LoadedFromMemory doesn't match image D:\Project\Unity\Git\Project-A\Combine\Library\PackageCache\com.unity.visualscripting@1.7.8\Editor\VisualScripting.Core\Dependencies\YamlDotNet\Unity.VisualScripting.YamlDotNet.dll
Symbol file LoadedFromMemory doesn't match image D:\Project\Unity\Git\Project-A\Combine\Library\PackageCache\com.unity.visualscripting@1.7.8\Editor\VisualScripting.Core\Dependencies\DotNetZip\Unity.VisualScripting.IonicZip.dll
Native extension for WindowsStandalone target not found
Native extension for Android target not found
Refreshing native plugins compatible for Editor in 121.48 ms, found 4 plugins.
Preloading 0 native plugins for Editor in 0.00 ms.
Mono: successfully reloaded assembly
- Completed reload, in  1.487 seconds
Domain Reload Profiling:
	ReloadAssembly (1488ms)
		BeginReloadAssembly (268ms)
			ExecutionOrderSort (0ms)
			DisableScriptedObjects (7ms)
			BackupInstance (0ms)
			ReleaseScriptingObjects (0ms)
			CreateAndSetChildDomain (160ms)
		EndReloadAssembly (1084ms)
			LoadAssemblies (94ms)
			RebuildTransferFunctionScriptingTraits (0ms)
			SetupTypeCache (286ms)
			ReleaseScriptCaches (1ms)
			RebuildScriptCaches (64ms)
			SetupLoadedEditorAssemblies (586ms)
				LogAssemblyErrors (0ms)
				InitializePlatformSupportModulesInManaged (14ms)
				SetLoadedEditorAssemblies (0ms)
				RefreshPlugins (122ms)
				BeforeProcessingInitializeOnLoad (108ms)
				ProcessInitializeOnLoadAttributes (288ms)
				ProcessInitializeOnLoadMethodAttributes (47ms)
				AfterProcessingInitializeOnLoad (8ms)
				EditorAssembliesLoaded (0ms)
			ExecutionOrderSort2 (0ms)
			AwakeInstancesAfterBackupRestoration (9ms)
Platform modules already initialized, skipping
========================================================================
Worker process is ready to serve import requests
Launched and connected shader compiler UnityShaderCompiler.exe after 0.05 seconds
Refreshing native plugins compatible for Editor in 1.03 ms, found 4 plugins.
Preloading 0 native plugins for Editor in 0.00 ms.
Unloading 4143 Unused Serialized files (Serialized files now loaded: 0)
Unloading 43 unused Assets / (198.3 KB). Loaded Objects now: 4600.
Memory consumption went from 157.0 MB to 156.8 MB.
Total: 3.344800 ms (FindLiveObjects: 0.321000 ms CreateObjectMapping: 0.272800 ms MarkObjects: 2.534600 ms  DeleteObjects: 0.215700 ms)

AssetImportParameters requested are different than current active one (requested -> active):
  custom:video-decoder-ogg-theora: a1e56fd34408186e4bbccfd4996cb3dc -> 
  custom:container-muxer-webm: aa71ff27fc2769a1b78a27578f13a17b -> 
  custom:container-demuxer-webm: 4f35f7cbe854078d1ac9338744f61a02 -> 
  custom:video-encoder-webm-vp8: eb34c28f22e8b96e1ab97ce403110664 -> 
  custom:video-codec-MediaFoundation-h265: 746d11721c4dcdbdad8f713fa42b33f4 -> 
  custom:audio-encoder-webm-vorbis: bf7c407c2cedff20999df2af8eb42d56 -> 
  custom:framework-win-MediaFoundation: 216162199b28c13a410421893ffa2e32 -> 
  custom:container-demuxer-ogg: 62fdf1f143b41e24485cea50d1cbac27 -> 
  custom:video-decoder-webm-vp8: 9c59270c3fd7afecdb556c50c9e8de78 -> 
  custom:audio-decoder-ogg-vorbis: bf7c407c2cedff20999df2af8eb42d56 -> 
========================================================================
Received Import Request.
  Time since last request: 16529.350353 seconds.
  path: Assets/Resources/Script/Hyeonsu/JoyStick1.cs
  artifactKey: Guid(9a4fbae3e8bbc004f87d63162d224e34) Importer(815301076,1909f56bfc062723c751e8b465ee728b)
Start importing Assets/Resources/Script/Hyeonsu/JoyStick1.cs using Guid(9a4fbae3e8bbc004f87d63162d224e34) Importer(815301076,1909f56bfc062723c751e8b465ee728b)  -> (artifact id: '3d85e0d1048d4ec64d5c284792679725') in 0.038438 seconds 
========================================================================
Received Prepare
Registering precompiled user dll's ...
Registered in 0.004946 seconds.
Begin MonoManager ReloadAssembly
Symbol file LoadedFromMemory doesn't match image D:\Project\Unity\Git\Project-A\Combine\Library\PackageCache\com.unity.visualscripting@1.7.8\Editor\VisualScripting.Core\Dependencies\YamlDotNet\Unity.VisualScripting.YamlDotNet.dll
Symbol file LoadedFromMemory doesn't match image D:\Project\Unity\Git\Project-A\Combine\Library\PackageCache\com.unity.visualscripting@1.7.8\Editor\VisualScripting.Core\Dependencies\DotNetZip\Unity.VisualScripting.IonicZip.dll
Native extension for WindowsStandalone target not found
Native extension for Android target not found
Refreshing native plugins compatible for Editor in 1.09 ms, found 4 plugins.
Preloading 0 native plugins for Editor in 0.00 ms.
Mono: successfully reloaded assembly
- Completed reload, in  1.045 seconds
Domain Reload Profiling:
	ReloadAssembly (1045ms)
		BeginReloadAssembly (131ms)
			ExecutionOrderSort (0ms)
			DisableScriptedObjects (8ms)
			BackupInstance (0ms)
			ReleaseScriptingObjects (0ms)
			CreateAndSetChildDomain (38ms)
		EndReloadAssembly (811ms)
			LoadAssemblies (85ms)
			RebuildTransferFunctionScriptingTraits (0ms)
			SetupTypeCache (259ms)
			ReleaseScriptCaches (2ms)
			RebuildScriptCaches (53ms)
			SetupLoadedEditorAssemblies (355ms)
				LogAssemblyErrors (0ms)
				InitializePlatformSupportModulesInManaged (23ms)
				SetLoadedEditorAssemblies (1ms)
				RefreshPlugins (1ms)
				BeforeProcessingInitializeOnLoad (81ms)
				ProcessInitializeOnLoadAttributes (200ms)
				ProcessInitializeOnLoadMethodAttributes (41ms)
				AfterProcessingInitializeOnLoad (8ms)
				EditorAssembliesLoaded (0ms)
			ExecutionOrderSort2 (0ms)
			AwakeInstancesAfterBackupRestoration (11ms)
Platform modules already initialized, skipping
Refreshing native plugins compatible for Editor in 2.05 ms, found 4 plugins.
Preloading 0 native plugins for Editor in 0.00 ms.
Unloading 4124 Unused Serialized files (Serialized files now loaded: 0)
Unloading 31 unused Assets / (191.0 KB). Loaded Objects now: 4603.
Memory consumption went from 155.5 MB to 155.4 MB.
Total: 3.202400 ms (FindLiveObjects: 0.280800 ms CreateObjectMapping: 0.203800 ms MarkObjects: 2.594000 ms  DeleteObjects: 0.123100 ms)

AssetImportParameters requested are different than current active one (requested -> active):
  custom:video-decoder-ogg-theora: a1e56fd34408186e4bbccfd4996cb3dc -> 
  custom:container-muxer-webm: aa71ff27fc2769a1b78a27578f13a17b -> 
  custom:container-demuxer-webm: 4f35f7cbe854078d1ac9338744f61a02 -> 
  custom:video-encoder-webm-vp8: eb34c28f22e8b96e1ab97ce403110664 -> 
  custom:video-codec-MediaFoundation-h265: 746d11721c4dcdbdad8f713fa42b33f4 -> 
  custom:audio-encoder-webm-vorbis: bf7c407c2cedff20999df2af8eb42d56 -> 
  custom:framework-win-MediaFoundation: 216162199b28c13a410421893ffa2e32 -> 
  custom:container-demuxer-ogg: 62fdf1f143b41e24485cea50d1cbac27 -> 
  custom:video-decoder-webm-vp8: 9c59270c3fd7afecdb556c50c9e8de78 -> 
  custom:audio-decoder-ogg-vorbis: bf7c407c2cedff20999df2af8eb42d56 -> 
========================================================================
Received Prepare
Registering precompiled user dll's ...
Registered in 0.005433 seconds.
Begin MonoManager ReloadAssembly
Symbol file LoadedFromMemory doesn't match image D:\Project\Unity\Git\Project-A\Combine\Library\PackageCache\com.unity.visualscripting@1.7.8\Editor\VisualScripting.Core\Dependencies\YamlDotNet\Unity.VisualScripting.YamlDotNet.dll
Symbol file LoadedFromMemory doesn't match image D:\Project\Unity\Git\Project-A\Combine\Library\PackageCache\com.unity.visualscripting@1.7.8\Editor\VisualScripting.Core\Dependencies\DotNetZip\Unity.VisualScripting.IonicZip.dll
Native extension for WindowsStandalone target not found
Native extension for Android target not found
Refreshing native plugins compatible for Editor in 1.07 ms, found 4 plugins.
Preloading 0 native plugins for Editor in 0.00 ms.
Mono: successfully reloaded assembly
- Completed reload, in  1.098 seconds
Domain Reload Profiling:
	ReloadAssembly (1099ms)
		BeginReloadAssembly (130ms)
			ExecutionOrderSort (0ms)
			DisableScriptedObjects (7ms)
			BackupInstance (0ms)
			ReleaseScriptingObjects (0ms)
			CreateAndSetChildDomain (37ms)
		EndReloadAssembly (866ms)
			LoadAssemblies (89ms)
			RebuildTransferFunctionScriptingTraits (0ms)
			SetupTypeCache (260ms)
			ReleaseScriptCaches (1ms)
			RebuildScriptCaches (53ms)
			SetupLoadedEditorAssemblies (403ms)
				LogAssemblyErrors (0ms)
				InitializePlatformSupportModulesInManaged (24ms)
				SetLoadedEditorAssemblies (1ms)
				RefreshPlugins (1ms)
				BeforeProcessingInitializeOnLoad (89ms)
				ProcessInitializeOnLoadAttributes (235ms)
				ProcessInitializeOnLoadMethodAttributes (45ms)
				AfterProcessingInitializeOnLoad (8ms)
				EditorAssembliesLoaded (0ms)
			ExecutionOrderSort2 (0ms)
			AwakeInstancesAfterBackupRestoration (12ms)
Platform modules already initialized, skipping
Refreshing native plugins compatible for Editor in 2.22 ms, found 4 plugins.
Preloading 0 native plugins for Editor in 0.00 ms.
Unloading 4124 Unused Serialized files (Serialized files now loaded: 0)
Unloading 31 unused Assets / (191.3 KB). Loaded Objects now: 4606.
Memory consumption went from 155.6 MB to 155.4 MB.
Total: 3.396700 ms (FindLiveObjects: 0.291500 ms CreateObjectMapping: 0.300000 ms MarkObjects: 2.655100 ms  DeleteObjects: 0.149100 ms)

AssetImportParameters requested are different than current active one (requested -> active):
  custom:video-decoder-ogg-theora: a1e56fd34408186e4bbccfd4996cb3dc -> 
  custom:container-muxer-webm: aa71ff27fc2769a1b78a27578f13a17b -> 
  custom:container-demuxer-webm: 4f35f7cbe854078d1ac9338744f61a02 -> 
  custom:video-encoder-webm-vp8: eb34c28f22e8b96e1ab97ce403110664 -> 
  custom:video-codec-MediaFoundation-h265: 746d11721c4dcdbdad8f713fa42b33f4 -> 
  custom:audio-encoder-webm-vorbis: bf7c407c2cedff20999df2af8eb42d56 -> 
  custom:framework-win-MediaFoundation: 216162199b28c13a410421893ffa2e32 -> 
  custom:container-demuxer-ogg: 62fdf1f143b41e24485cea50d1cbac27 -> 
  custom:video-decoder-webm-vp8: 9c59270c3fd7afecdb556c50c9e8de78 -> 
  custom:audio-decoder-ogg-vorbis: bf7c407c2cedff20999df2af8eb42d56 -> 
========================================================================
Received Prepare
Registering precompiled user dll's ...
Registered in 0.004705 seconds.
Begin MonoManager ReloadAssembly
Symbol file LoadedFromMemory doesn't match image D:\Project\Unity\Git\Project-A\Combine\Library\PackageCache\com.unity.visualscripting@1.7.8\Editor\VisualScripting.Core\Dependencies\YamlDotNet\Unity.VisualScripting.YamlDotNet.dll
Symbol file LoadedFromMemory doesn't match image D:\Project\Unity\Git\Project-A\Combine\Library\PackageCache\com.unity.visualscripting@1.7.8\Editor\VisualScripting.Core\Dependencies\DotNetZip\Unity.VisualScripting.IonicZip.dll
Native extension for WindowsStandalone target not found
Native extension for Android target not found
Refreshing native plugins compatible for Editor in 1.05 ms, found 4 plugins.
Preloading 0 native plugins for Editor in 0.00 ms.
Mono: successfully reloaded assembly
- Completed reload, in  1.143 seconds
Domain Reload Profiling:
	ReloadAssembly (1144ms)
		BeginReloadAssembly (135ms)
			ExecutionOrderSort (0ms)
			DisableScriptedObjects (8ms)
			BackupInstance (0ms)
			ReleaseScriptingObjects (0ms)
			CreateAndSetChildDomain (38ms)
		EndReloadAssembly (908ms)
			LoadAssemblies (89ms)
			RebuildTransferFunctionScriptingTraits (0ms)
			SetupTypeCache (263ms)
			ReleaseScriptCaches (1ms)
			RebuildScriptCaches (67ms)
			SetupLoadedEditorAssemblies (421ms)
				LogAssemblyErrors (0ms)
				InitializePlatformSupportModulesInManaged (24ms)
				SetLoadedEditorAssemblies (1ms)
				RefreshPlugins (1ms)
				BeforeProcessingInitializeOnLoad (89ms)
				ProcessInitializeOnLoadAttributes (247ms)
				ProcessInitializeOnLoadMethodAttributes (50ms)
				AfterProcessingInitializeOnLoad (9ms)
				EditorAssembliesLoaded (0ms)
			ExecutionOrderSort2 (0ms)
			AwakeInstancesAfterBackupRestoration (12ms)
Platform modules already initialized, skipping
Refreshing native plugins compatible for Editor in 2.41 ms, found 4 plugins.
Preloading 0 native plugins for Editor in 0.00 ms.
Unloading 4124 Unused Serialized files (Serialized files now loaded: 0)
Unloading 31 unused Assets / (191.3 KB). Loaded Objects now: 4609.
Memory consumption went from 155.6 MB to 155.4 MB.
Total: 3.007300 ms (FindLiveObjects: 0.273600 ms CreateObjectMapping: 0.201100 ms MarkObjects: 2.384200 ms  DeleteObjects: 0.146900 ms)

AssetImportParameters requested are different than current active one (requested -> active):
  custom:video-decoder-ogg-theora: a1e56fd34408186e4bbccfd4996cb3dc -> 
  custom:container-muxer-webm: aa71ff27fc2769a1b78a27578f13a17b -> 
  custom:container-demuxer-webm: 4f35f7cbe854078d1ac9338744f61a02 -> 
  custom:video-encoder-webm-vp8: eb34c28f22e8b96e1ab97ce403110664 -> 
  custom:video-codec-MediaFoundation-h265: 746d11721c4dcdbdad8f713fa42b33f4 -> 
  custom:audio-encoder-webm-vorbis: bf7c407c2cedff20999df2af8eb42d56 -> 
  custom:framework-win-MediaFoundation: 216162199b28c13a410421893ffa2e32 -> 
  custom:container-demuxer-ogg: 62fdf1f143b41e24485cea50d1cbac27 -> 
  custom:video-decoder-webm-vp8: 9c59270c3fd7afecdb556c50c9e8de78 -> 
  custom:audio-decoder-ogg-vorbis: bf7c407c2cedff20999df2af8eb42d56 -> 
========================================================================
Received Import Request.
  Time since last request: 562.818970 seconds.
  path: Assets/TextMesh Pro/Resources/Fonts & Materials/LiberationSans SDF - Fallback.asset
  artifactKey: Guid(2e498d1c8094910479dc3e1b768306a4) Importer(815301076,1909f56bfc062723c751e8b465ee728b)
Start importing Assets/TextMesh Pro/Resources/Fonts & Materials/LiberationSans SDF - Fallback.asset using Guid(2e498d1c8094910479dc3e1b768306a4) Importer(815301076,1909f56bfc062723c751e8b465ee728b)  -> (artifact id: '7d25188a4d5405ed90fb1f808b4843fa') in 0.242064 seconds 
========================================================================
Received Import Request.
  Time since last request: 414.002839 seconds.
  path: Assets/Sprites/Test/sprites/guide_item_get_002.png
  artifactKey: Guid(7c7484264e6cf044ba346e1cf0aad617) Importer(815301076,1909f56bfc062723c751e8b465ee728b)
Start importing Assets/Sprites/Test/sprites/guide_item_get_002.png using Guid(7c7484264e6cf044ba346e1cf0aad617) Importer(815301076,1909f56bfc062723c751e8b465ee728b)  -> (artifact id: 'bfbf3f93bd9559a6fcb06068cd07c1ec') in 0.071704 seconds 
========================================================================
Received Import Request.
  Time since last request: 0.000017 seconds.
  path: Assets/Sprites/Test/sprites/guide_item_get_003.png
  artifactKey: Guid(bdeb191f69048af40979cafe40631ae5) Importer(815301076,1909f56bfc062723c751e8b465ee728b)
Start importing Assets/Sprites/Test/sprites/guide_item_get_003.png using Guid(bdeb191f69048af40979cafe40631ae5) Importer(815301076,1909f56bfc062723c751e8b465ee728b)  -> (artifact id: 'cf88e66d6a4908ffae8b6cfb5452bb90') in 0.023627 seconds 
========================================================================
Received Import Request.
  Time since last request: 0.000015 seconds.
  path: Assets/DownAssets/Epic Toon FX/Prefabs/Interactive/Loot/ItemSkewedGlow/ItemSkewedGlowPink.prefab
  artifactKey: Guid(c4195be7ec5269d4b92a299e9d31de8e) Importer(815301076,1909f56bfc062723c751e8b465ee728b)
Start importing Assets/DownAssets/Epic Toon FX/Prefabs/Interactive/Loot/ItemSkewedGlow/ItemSkewedGlowPink.prefab using Guid(c4195be7ec5269d4b92a299e9d31de8e) Importer(815301076,1909f56bfc062723c751e8b465ee728b)  -> (artifact id: 'd54ecc5cb751820823616747b6a8bc2c') in 0.131840 seconds 
========================================================================
Received Import Request.
  Time since last request: 0.000022 seconds.
  path: Assets/DownAssets/Epic Toon FX/Prefabs/Interactive/Loot/ItemSkewedGlow/ItemSkewedGlowRainbow.prefab
  artifactKey: Guid(8cdb51e19d8cf4c4fb1439f4499432d2) Importer(815301076,1909f56bfc062723c751e8b465ee728b)
Start importing Assets/DownAssets/Epic Toon FX/Prefabs/Interactive/Loot/ItemSkewedGlow/ItemSkewedGlowRainbow.prefab using Guid(8cdb51e19d8cf4c4fb1439f4499432d2) Importer(815301076,1909f56bfc062723c751e8b465ee728b)  -> (artifact id: '23df7fe5f165336ef4a9995fbac3e265') in 0.015205 seconds 
========================================================================
Received Import Request.
  Time since last request: 0.000023 seconds.
  path: Assets/DownAssets/Epic Toon FX/Prefabs/Interactive/Loot/ItemSparkle/ItemSparkleBlue.prefab
  artifactKey: Guid(0fb0846ec7b795e4586da62f99d560a5) Importer(815301076,1909f56bfc062723c751e8b465ee728b)
Start importing Assets/DownAssets/Epic Toon FX/Prefabs/Interactive/Loot/ItemSparkle/ItemSparkleBlue.prefab using Guid(0fb0846ec7b795e4586da62f99d560a5) Importer(815301076,1909f56bfc062723c751e8b465ee728b)  -> (artifact id: '76025c06ff9578ddc06d87cf31181934') in 0.145465 seconds 
========================================================================
Received Import Request.
  Time since last request: 0.000026 seconds.
  path: Assets/DownAssets/Epic Toon FX/Prefabs/Interactive/Loot/ItemSparkleSoft/ItemSparkleSoftPurple.prefab
  artifactKey: Guid(bfd356a90fadbb84b83d320088e559c6) Importer(815301076,1909f56bfc062723c751e8b465ee728b)
Start importing Assets/DownAssets/Epic Toon FX/Prefabs/Interactive/Loot/ItemSparkleSoft/ItemSparkleSoftPurple.prefab using Guid(bfd356a90fadbb84b83d320088e559c6) Importer(815301076,1909f56bfc062723c751e8b465ee728b)  -> (artifact id: '0bfd1398fd9152506c402367d8873731') in 0.072156 seconds 
========================================================================
Received Import Request.
  Time since last request: 0.000018 seconds.
  path: Assets/DownAssets/Epic Toon FX/Prefabs/Interactive/Loot/ItemSparkleSoft/ItemSparkleSoftBlue.prefab
  artifactKey: Guid(66f193da1de9a3d4cada4e2c914e8d3d) Importer(815301076,1909f56bfc062723c751e8b465ee728b)
Start importing Assets/DownAssets/Epic Toon FX/Prefabs/Interactive/Loot/ItemSparkleSoft/ItemSparkleSoftBlue.prefab using Guid(66f193da1de9a3d4cada4e2c914e8d3d) Importer(815301076,1909f56bfc062723c751e8b465ee728b)  -> (artifact id: '7f898261bceb648f89faff9eeb6688ec') in 0.017483 seconds 
========================================================================
Received Import Request.
  Time since last request: 0.000028 seconds.
  path: Assets/DownAssets/Epic Toon FX/Prefabs/Interactive/Loot/ItemSparkle/ItemSparklePurple.prefab
  artifactKey: Guid(fcc9d2b59f398d04da2cb4c2803e2a05) Importer(815301076,1909f56bfc062723c751e8b465ee728b)
Start importing Assets/DownAssets/Epic Toon FX/Prefabs/Interactive/Loot/ItemSparkle/ItemSparklePurple.prefab using Guid(fcc9d2b59f398d04da2cb4c2803e2a05) Importer(815301076,1909f56bfc062723c751e8b465ee728b)  -> (artifact id: '78410830ddcb1ec8c5a0584921ebf47a') in 0.016925 seconds 
========================================================================
Received Import Request.
  Time since last request: 0.000017 seconds.
  path: Assets/DownAssets/Epic Toon FX/Prefabs/Interactive/Loot/ItemSparkleBurst/ItemSparkleBurstRainbow.prefab
  artifactKey: Guid(f8c2d0c5cb5c48d4dbd3c9e036e5606f) Importer(815301076,1909f56bfc062723c751e8b465ee728b)
Start importing Assets/DownAssets/Epic Toon FX/Prefabs/Interactive/Loot/ItemSparkleBurst/ItemSparkleBurstRainbow.prefab using Guid(f8c2d0c5cb5c48d4dbd3c9e036e5606f) Importer(815301076,1909f56bfc062723c751e8b465ee728b)  -> (artifact id: '49994cc342b3a2a21c4c4b11ee42975d') in 0.020013 seconds 
========================================================================
Received Import Request.
  Time since last request: 0.000015 seconds.
  path: Assets/DownAssets/Epic Toon FX/Prefabs/Interactive/Loot/ItemSparkleBurst/ItemSparkleBurstGreen.prefab
  artifactKey: Guid(59b0fdde5ab1a4f4ca4fee27e0f9e723) Importer(815301076,1909f56bfc062723c751e8b465ee728b)
Start importing Assets/DownAssets/Epic Toon FX/Prefabs/Interactive/Loot/ItemSparkleBurst/ItemSparkleBurstGreen.prefab using Guid(59b0fdde5ab1a4f4ca4fee27e0f9e723) Importer(815301076,1909f56bfc062723c751e8b465ee728b)  -> (artifact id: 'd9163594adf78d1d98710843ed01dd3a') in 0.018067 seconds 
========================================================================
Received Import Request.
  Time since last request: 0.000021 seconds.
  path: Assets/DownAssets/Epic Toon FX/Prefabs/Interactive/Loot/ItemSparkleSoft/ItemSparkleSoftPink.prefab
  artifactKey: Guid(6b6e64e1c81c0eb49afd3957f7a3c8ea) Importer(815301076,1909f56bfc062723c751e8b465ee728b)
Start importing Assets/DownAssets/Epic Toon FX/Prefabs/Interactive/Loot/ItemSparkleSoft/ItemSparkleSoftPink.prefab using Guid(6b6e64e1c81c0eb49afd3957f7a3c8ea) Importer(815301076,1909f56bfc062723c751e8b465ee728b)  -> (artifact id: '15fd7e485f7c43bee4c930a0077da47f') in 0.021640 seconds 
========================================================================
Received Import Request.
  Time since last request: 0.000022 seconds.
  path: Assets/Sprites/Test/sprites/guide_item_get_005.png
  artifactKey: Guid(fba2ece6a36d9734a9e11da97d3759a4) Importer(815301076,1909f56bfc062723c751e8b465ee728b)
Start importing Assets/Sprites/Test/sprites/guide_item_get_005.png using Guid(fba2ece6a36d9734a9e11da97d3759a4) Importer(815301076,1909f56bfc062723c751e8b465ee728b)  -> (artifact id: '05d4a82c8c8c9c92ddc056c4f8444885') in 0.026260 seconds 
========================================================================
Received Import Request.
  Time since last request: 0.000022 seconds.
  path: Assets/DownAssets/Epic Toon FX/Prefabs/Interactive/Loot/ItemSparkle/ItemSparkleGreen.prefab
  artifactKey: Guid(0bb1d6b9d39bcbf4785d00557d53e9e3) Importer(815301076,1909f56bfc062723c751e8b465ee728b)
Start importing Assets/DownAssets/Epic Toon FX/Prefabs/Interactive/Loot/ItemSparkle/ItemSparkleGreen.prefab using Guid(0bb1d6b9d39bcbf4785d00557d53e9e3) Importer(815301076,1909f56bfc062723c751e8b465ee728b)  -> (artifact id: '4e3bcf4b864e8cd158a4bcac84400551') in 0.018421 seconds 
========================================================================
Received Import Request.
  Time since last request: 0.000023 seconds.
  path: Assets/DownAssets/Epic Toon FX/Prefabs/Interactive/Loot/ItemSparkleSoft/ItemSparkleSoftWhite.prefab
  artifactKey: Guid(181798a00482bb14c94d17af8dce84f9) Importer(815301076,1909f56bfc062723c751e8b465ee728b)
Start importing Assets/DownAssets/Epic Toon FX/Prefabs/Interactive/Loot/ItemSparkleSoft/ItemSparkleSoftWhite.prefab using Guid(181798a00482bb14c94d17af8dce84f9) Importer(815301076,1909f56bfc062723c751e8b465ee728b)  -> (artifact id: '5111b64148f214e7efa20b481060e518') in 0.018103 seconds 
========================================================================
Received Import Request.
  Time since last request: 0.000021 seconds.
  path: Assets/DownAssets/Epic Toon FX/Prefabs/Interactive/Loot/ItemSkewedGlow/ItemSkewedGlowYellow.prefab
  artifactKey: Guid(df9e9f9e0ab716847be4c7cc44fe5af4) Importer(815301076,1909f56bfc062723c751e8b465ee728b)
Start importing Assets/DownAssets/Epic Toon FX/Prefabs/Interactive/Loot/ItemSkewedGlow/ItemSkewedGlowYellow.prefab using Guid(df9e9f9e0ab716847be4c7cc44fe5af4) Importer(815301076,1909f56bfc062723c751e8b465ee728b)  -> (artifact id: '1c6cf07c8365bb9b69211fb48813523c') in 0.015722 seconds 
========================================================================
Received Import Request.
  Time since last request: 0.000028 seconds.
  path: Assets/DownAssets/Epic Toon FX/Prefabs/Interactive/Loot/ItemSparkleBurst/ItemSparkleBurstBlue.prefab
  artifactKey: Guid(1d9193747d0ea3246afa0cbae59ca4ae) Importer(815301076,1909f56bfc062723c751e8b465ee728b)
Start importing Assets/DownAssets/Epic Toon FX/Prefabs/Interactive/Loot/ItemSparkleBurst/ItemSparkleBurstBlue.prefab using Guid(1d9193747d0ea3246afa0cbae59ca4ae) Importer(815301076,1909f56bfc062723c751e8b465ee728b)  -> (artifact id: '68101f0027fa7f125c9f4fee901a301a') in 0.019186 seconds 
========================================================================
Received Import Request.
  Time since last request: 0.000021 seconds.
  path: Assets/DownAssets/Epic Toon FX/Prefabs/Interactive/Loot/ItemSkewedGlow/ItemSkewedGlowBlue.prefab
  artifactKey: Guid(7fde9b58b5782074899c85c81998b956) Importer(815301076,1909f56bfc062723c751e8b465ee728b)
Start importing Assets/DownAssets/Epic Toon FX/Prefabs/Interactive/Loot/ItemSkewedGlow/ItemSkewedGlowBlue.prefab using Guid(7fde9b58b5782074899c85c81998b956) Importer(815301076,1909f56bfc062723c751e8b465ee728b)  -> (artifact id: '0e72081f3c7adcdcc34294401f2558a5') in 0.015086 seconds 
Editor requested this worker to shutdown with reason: Scaling down because of idle timeout
AssetImportWorker is now disconnected from the server
Process exiting
Exiting without the bug reporter. Application will terminate with return code 0