Using pre-set license
Built from '2021.3/staging' branch; Version is '2021.3.8f1 (b30333d56e81) revision 11731763'; Using compiler version '192829333'; Build Type 'Release'
OS: 'Windows 10  (10.0.19044) 64bit Professional' Language: 'ko' Physical Memory: 16190 MB
BatchMode: 1, IsHumanControllingUs: 0, StartBugReporterOnCrash: 0, Is64bit: 1, IsPro: 1

COMMAND LINE ARGUMENTS:
C:\Program Files\Unity 2021.3.8f1\Editor\Unity.exe
-adb2
-batchMode
-noUpm
-name
AssetImportWorker5
-projectPath
D:/Project/Unity/Git/Combine
-logFile
Logs/AssetImportWorker5.log
-srvPort
49163
Successfully changed project path to: D:/Project/Unity/Git/Combine
D:/Project/Unity/Git/Combine
[UnityMemory] Configuration Parameters - Can be set up in boot.config
    "memorysetup-bucket-allocator-granularity=16"
    "memorysetup-bucket-allocator-bucket-count=8"
    "memorysetup-bucket-allocator-block-size=33554432"
    "memorysetup-bucket-allocator-block-count=8"
    "memorysetup-main-allocator-block-size=16777216"
    "memorysetup-thread-allocator-block-size=16777216"
    "memorysetup-gfx-main-allocator-block-size=16777216"
    "memorysetup-gfx-thread-allocator-block-size=16777216"
    "memorysetup-cache-allocator-block-size=4194304"
    "memorysetup-typetree-allocator-block-size=2097152"
    "memorysetup-profiler-bucket-allocator-granularity=16"
    "memorysetup-profiler-bucket-allocator-bucket-count=8"
    "memorysetup-profiler-bucket-allocator-block-size=33554432"
    "memorysetup-profiler-bucket-allocator-block-count=8"
    "memorysetup-profiler-allocator-block-size=16777216"
    "memorysetup-profiler-editor-allocator-block-size=1048576"
    "memorysetup-temp-allocator-size-main=16777216"
    "memorysetup-job-temp-allocator-block-size=2097152"
    "memorysetup-job-temp-allocator-block-size-background=1048576"
    "memorysetup-job-temp-allocator-reduction-small-platforms=262144"
    "memorysetup-temp-allocator-size-background-worker=32768"
    "memorysetup-temp-allocator-size-job-worker=262144"
    "memorysetup-temp-allocator-size-preload-manager=33554432"
    "memorysetup-temp-allocator-size-nav-mesh-worker=65536"
    "memorysetup-temp-allocator-size-audio-worker=65536"
    "memorysetup-temp-allocator-size-cloud-worker=32768"
    "memorysetup-temp-allocator-size-gi-baking-worker=262144"
    "memorysetup-temp-allocator-size-gfx=262144"
Refreshing native plugins compatible for Editor in 124.29 ms, found 4 plugins.
Preloading 0 native plugins for Editor in 0.00 ms.
Initialize engine version: 2021.3.8f1 (b30333d56e81)
[Subsystems] Discovering subsystems at path C:/Program Files/Unity 2021.3.8f1/Editor/Data/Resources/UnitySubsystems
[Subsystems] Discovering subsystems at path D:/Project/Unity/Git/Combine/Assets
GfxDevice: creating device client; threaded=0; jobified=0
Direct3D:
    Version:  Direct3D 11.0 [level 11.1]
    Renderer: NVIDIA GeForce GTX 1080 (ID=0x1b80)
    Vendor:   NVIDIA
    VRAM:     8079 MB
    Driver:   27.21.14.5751
Initialize mono
Mono path[0] = 'C:/Program Files/Unity 2021.3.8f1/Editor/Data/Managed'
Mono path[1] = 'C:/Program Files/Unity 2021.3.8f1/Editor/Data/MonoBleedingEdge/lib/mono/unityjit-win32'
Mono config path = 'C:/Program Files/Unity 2021.3.8f1/Editor/Data/MonoBleedingEdge/etc'
Using monoOptions --debugger-agent=transport=dt_socket,embedding=1,server=y,suspend=n,address=127.0.0.1:56280
Begin MonoManager ReloadAssembly
Registering precompiled unity dll's ...
Register platform support module: C:/Program Files/Unity 2021.3.8f1/Editor/Data/PlaybackEngines/AndroidPlayer/UnityEditor.Android.Extensions.dll
Register platform support module: C:/Program Files/Unity 2021.3.8f1/Editor/Data/PlaybackEngines/WindowsStandaloneSupport/UnityEditor.WindowsStandalone.Extensions.dll
Registered in 0.006363 seconds.
Native extension for WindowsStandalone target not found
Native extension for Android target not found
Refreshing native plugins compatible for Editor in 119.69 ms, found 4 plugins.
Preloading 0 native plugins for Editor in 0.00 ms.
Mono: successfully reloaded assembly
- Completed reload, in  0.737 seconds
Domain Reload Profiling:
	ReloadAssembly (738ms)
		BeginReloadAssembly (79ms)
			ExecutionOrderSort (0ms)
			DisableScriptedObjects (0ms)
			BackupInstance (0ms)
			ReleaseScriptingObjects (0ms)
			CreateAndSetChildDomain (1ms)
		EndReloadAssembly (544ms)
			LoadAssemblies (77ms)
			RebuildTransferFunctionScriptingTraits (0ms)
			SetupTypeCache (111ms)
			ReleaseScriptCaches (0ms)
			RebuildScriptCaches (32ms)
			SetupLoadedEditorAssemblies (346ms)
				LogAssemblyErrors (0ms)
				InitializePlatformSupportModulesInManaged (56ms)
				SetLoadedEditorAssemblies (0ms)
				RefreshPlugins (120ms)
				BeforeProcessingInitializeOnLoad (2ms)
				ProcessInitializeOnLoadAttributes (107ms)
				ProcessInitializeOnLoadMethodAttributes (60ms)
				AfterProcessingInitializeOnLoad (0ms)
				EditorAssembliesLoaded (0ms)
			ExecutionOrderSort2 (0ms)
			AwakeInstancesAfterBackupRestoration (0ms)
Platform modules already initialized, skipping
Registering precompiled user dll's ...
Registered in 0.005684 seconds.
Begin MonoManager ReloadAssembly
Symbol file LoadedFromMemory doesn't match image D:\Project\Unity\Git\Combine\Library\PackageCache\com.unity.visualscripting@1.7.8\Editor\VisualScripting.Core\Dependencies\YamlDotNet\Unity.VisualScripting.YamlDotNet.dll
Symbol file LoadedFromMemory doesn't match image D:\Project\Unity\Git\Combine\Library\PackageCache\com.unity.visualscripting@1.7.8\Editor\VisualScripting.Core\Dependencies\DotNetZip\Unity.VisualScripting.IonicZip.dll
Native extension for WindowsStandalone target not found
Native extension for Android target not found
Refreshing native plugins compatible for Editor in 118.49 ms, found 4 plugins.
Preloading 0 native plugins for Editor in 0.00 ms.
Mono: successfully reloaded assembly
- Completed reload, in  1.399 seconds
Domain Reload Profiling:
	ReloadAssembly (1400ms)
		BeginReloadAssembly (257ms)
			ExecutionOrderSort (0ms)
			DisableScriptedObjects (6ms)
			BackupInstance (0ms)
			ReleaseScriptingObjects (0ms)
			CreateAndSetChildDomain (156ms)
		EndReloadAssembly (1028ms)
			LoadAssemblies (91ms)
			RebuildTransferFunctionScriptingTraits (0ms)
			SetupTypeCache (259ms)
			ReleaseScriptCaches (1ms)
			RebuildScriptCaches (62ms)
			SetupLoadedEditorAssemblies (565ms)
				LogAssemblyErrors (0ms)
				InitializePlatformSupportModulesInManaged (15ms)
				SetLoadedEditorAssemblies (0ms)
				RefreshPlugins (119ms)
				BeforeProcessingInitializeOnLoad (105ms)
				ProcessInitializeOnLoadAttributes (271ms)
				ProcessInitializeOnLoadMethodAttributes (46ms)
				AfterProcessingInitializeOnLoad (8ms)
				EditorAssembliesLoaded (0ms)
			ExecutionOrderSort2 (0ms)
			AwakeInstancesAfterBackupRestoration (8ms)
Platform modules already initialized, skipping
========================================================================
Worker process is ready to serve import requests
Launched and connected shader compiler UnityShaderCompiler.exe after 0.06 seconds
Refreshing native plugins compatible for Editor in 0.99 ms, found 4 plugins.
Preloading 0 native plugins for Editor in 0.00 ms.
Unloading 4143 Unused Serialized files (Serialized files now loaded: 0)
Unloading 43 unused Assets / (198.3 KB). Loaded Objects now: 4600.
Memory consumption went from 157.0 MB to 156.8 MB.
Total: 3.481700 ms (FindLiveObjects: 0.395100 ms CreateObjectMapping: 0.315300 ms MarkObjects: 2.620600 ms  DeleteObjects: 0.149800 ms)

AssetImportParameters requested are different than current active one (requested -> active):
  custom:video-decoder-ogg-theora: a1e56fd34408186e4bbccfd4996cb3dc -> 
  custom:container-muxer-webm: aa71ff27fc2769a1b78a27578f13a17b -> 
  custom:container-demuxer-webm: 4f35f7cbe854078d1ac9338744f61a02 -> 
  custom:video-encoder-webm-vp8: eb34c28f22e8b96e1ab97ce403110664 -> 
  custom:video-codec-MediaFoundation-h265: 746d11721c4dcdbdad8f713fa42b33f4 -> 
  custom:audio-encoder-webm-vorbis: bf7c407c2cedff20999df2af8eb42d56 -> 
  custom:framework-win-MediaFoundation: 216162199b28c13a410421893ffa2e32 -> 
  custom:container-demuxer-ogg: 62fdf1f143b41e24485cea50d1cbac27 -> 
  custom:video-decoder-webm-vp8: 9c59270c3fd7afecdb556c50c9e8de78 -> 
  custom:audio-decoder-ogg-vorbis: bf7c407c2cedff20999df2af8eb42d56 -> 
========================================================================
Received Prepare
Registering precompiled user dll's ...
Registered in 0.005597 seconds.
Begin MonoManager ReloadAssembly
Symbol file LoadedFromMemory doesn't match image D:\Project\Unity\Git\Combine\Library\PackageCache\com.unity.visualscripting@1.7.8\Editor\VisualScripting.Core\Dependencies\YamlDotNet\Unity.VisualScripting.YamlDotNet.dll
Symbol file LoadedFromMemory doesn't match image D:\Project\Unity\Git\Combine\Library\PackageCache\com.unity.visualscripting@1.7.8\Editor\VisualScripting.Core\Dependencies\DotNetZip\Unity.VisualScripting.IonicZip.dll
Native extension for WindowsStandalone target not found
Native extension for Android target not found
Refreshing native plugins compatible for Editor in 1.05 ms, found 4 plugins.
Preloading 0 native plugins for Editor in 0.00 ms.
Mono: successfully reloaded assembly
- Completed reload, in  1.102 seconds
Domain Reload Profiling:
	ReloadAssembly (1103ms)
		BeginReloadAssembly (136ms)
			ExecutionOrderSort (0ms)
			DisableScriptedObjects (8ms)
			BackupInstance (0ms)
			ReleaseScriptingObjects (0ms)
			CreateAndSetChildDomain (43ms)
		EndReloadAssembly (852ms)
			LoadAssemblies (89ms)
			RebuildTransferFunctionScriptingTraits (0ms)
			SetupTypeCache (267ms)
			ReleaseScriptCaches (1ms)
			RebuildScriptCaches (52ms)
			SetupLoadedEditorAssemblies (388ms)
				LogAssemblyErrors (0ms)
				InitializePlatformSupportModulesInManaged (23ms)
				SetLoadedEditorAssemblies (1ms)
				RefreshPlugins (1ms)
				BeforeProcessingInitializeOnLoad (84ms)
				ProcessInitializeOnLoadAttributes (227ms)
				ProcessInitializeOnLoadMethodAttributes (44ms)
				AfterProcessingInitializeOnLoad (8ms)
				EditorAssembliesLoaded (0ms)
			ExecutionOrderSort2 (0ms)
			AwakeInstancesAfterBackupRestoration (10ms)
Platform modules already initialized, skipping
Refreshing native plugins compatible for Editor in 2.14 ms, found 4 plugins.
Preloading 0 native plugins for Editor in 0.00 ms.
Unloading 4124 Unused Serialized files (Serialized files now loaded: 0)
Unloading 31 unused Assets / (191.1 KB). Loaded Objects now: 4603.
Memory consumption went from 155.6 MB to 155.4 MB.
Total: 3.456200 ms (FindLiveObjects: 0.276600 ms CreateObjectMapping: 0.184200 ms MarkObjects: 2.846200 ms  DeleteObjects: 0.148100 ms)

AssetImportParameters requested are different than current active one (requested -> active):
  custom:video-decoder-ogg-theora: a1e56fd34408186e4bbccfd4996cb3dc -> 
  custom:container-muxer-webm: aa71ff27fc2769a1b78a27578f13a17b -> 
  custom:container-demuxer-webm: 4f35f7cbe854078d1ac9338744f61a02 -> 
  custom:video-encoder-webm-vp8: eb34c28f22e8b96e1ab97ce403110664 -> 
  custom:video-codec-MediaFoundation-h265: 746d11721c4dcdbdad8f713fa42b33f4 -> 
  custom:audio-encoder-webm-vorbis: bf7c407c2cedff20999df2af8eb42d56 -> 
  custom:framework-win-MediaFoundation: 216162199b28c13a410421893ffa2e32 -> 
  custom:container-demuxer-ogg: 62fdf1f143b41e24485cea50d1cbac27 -> 
  custom:video-decoder-webm-vp8: 9c59270c3fd7afecdb556c50c9e8de78 -> 
  custom:audio-decoder-ogg-vorbis: bf7c407c2cedff20999df2af8eb42d56 -> 
========================================================================
Received Import Request.
  Time since last request: 13071.461976 seconds.
  path: Assets/TextMesh Pro/Fonts/DOSMyungjo.ttf
  artifactKey: Guid(b0afd4431a542124d8ce41ac96e36390) Importer(815301076,1909f56bfc062723c751e8b465ee728b)
Start importing Assets/TextMesh Pro/Fonts/DOSMyungjo.ttf using Guid(b0afd4431a542124d8ce41ac96e36390) Importer(815301076,1909f56bfc062723c751e8b465ee728b)  -> (artifact id: 'ed9f99c442089eab813b02f976ac1601') in 0.224741 seconds 
========================================================================
Received Import Request.
  Time since last request: 406.446521 seconds.
  path: Assets/DownAssets/Epic Toon FX/Textures/Emojis/derpgasp.png
  artifactKey: Guid(f8673489793a3644bb6c4c343580bac8) Importer(815301076,1909f56bfc062723c751e8b465ee728b)
Start importing Assets/DownAssets/Epic Toon FX/Textures/Emojis/derpgasp.png using Guid(f8673489793a3644bb6c4c343580bac8) Importer(815301076,1909f56bfc062723c751e8b465ee728b)  -> (artifact id: '390a70a323a7e69dab8bda95c3a6bb05') in 0.140165 seconds 
========================================================================
Received Import Request.
  Time since last request: 0.000020 seconds.
  path: Assets/DownAssets/Epic Toon FX/Sound/etfx_explosion_gas.wav
  artifactKey: Guid(8b3848d6900879843a1ffd2a0ce93090) Importer(815301076,1909f56bfc062723c751e8b465ee728b)
Start importing Assets/DownAssets/Epic Toon FX/Sound/etfx_explosion_gas.wav using Guid(8b3848d6900879843a1ffd2a0ce93090) Importer(815301076,1909f56bfc062723c751e8b465ee728b)  -> (artifact id: 'edbbe753404968b2e934c1e03d289e9c') in 0.081731 seconds 
========================================================================
Received Import Request.
  Time since last request: 0.000025 seconds.
  path: Assets/DownAssets/Epic Toon FX/Prefabs/Combat/Missiles/Gas/GasMissileBlue.prefab
  artifactKey: Guid(b10b204e41dcd204888d0943b2bf41b5) Importer(815301076,1909f56bfc062723c751e8b465ee728b)
Start importing Assets/DownAssets/Epic Toon FX/Prefabs/Combat/Missiles/Gas/GasMissileBlue.prefab using Guid(b10b204e41dcd204888d0943b2bf41b5) Importer(815301076,1909f56bfc062723c751e8b465ee728b)  -> (artifact id: 'c41fab77a0d36a831b211068ef18c848') in 0.173113 seconds 
========================================================================
Received Import Request.
  Time since last request: 0.000014 seconds.
  path: Assets/DownAssets/Epic Toon FX/Prefabs/Combat/Explosions/GasExplosion/GasExplosionGreen.prefab
  artifactKey: Guid(a801d5bc64b7dc44e964c45bd6709a7e) Importer(815301076,1909f56bfc062723c751e8b465ee728b)
Start importing Assets/DownAssets/Epic Toon FX/Prefabs/Combat/Explosions/GasExplosion/GasExplosionGreen.prefab using Guid(a801d5bc64b7dc44e964c45bd6709a7e) Importer(815301076,1909f56bfc062723c751e8b465ee728b)  -> (artifact id: '7a32deda2bc6117ee9f41ae503313588') in 0.050698 seconds 
========================================================================
Received Import Request.
  Time since last request: 0.000030 seconds.
  path: Assets/DownAssets/Epic Toon FX/Prefabs/Environment/Fire/Spiky/Big/SpikyFireBigAdditiveBlue.prefab
  artifactKey: Guid(27c02997b3333d74a9bdc51370ec7783) Importer(815301076,1909f56bfc062723c751e8b465ee728b)
Start importing Assets/DownAssets/Epic Toon FX/Prefabs/Environment/Fire/Spiky/Big/SpikyFireBigAdditiveBlue.prefab using Guid(27c02997b3333d74a9bdc51370ec7783) Importer(815301076,1909f56bfc062723c751e8b465ee728b)  -> (artifact id: 'f6c70e14a3263cbca5287936e388c4e2') in 0.106203 seconds 
========================================================================
Received Import Request.
  Time since last request: 0.000023 seconds.
  path: Assets/DownAssets/Epic Toon FX/Prefabs/Combat/Explosions/MegaExplosion/MegaExplosionRed.prefab
  artifactKey: Guid(5a28ab12a60431942ac754ec3f39c551) Importer(815301076,1909f56bfc062723c751e8b465ee728b)
Start importing Assets/DownAssets/Epic Toon FX/Prefabs/Combat/Explosions/MegaExplosion/MegaExplosionRed.prefab using Guid(5a28ab12a60431942ac754ec3f39c551) Importer(815301076,1909f56bfc062723c751e8b465ee728b)  -> (artifact id: '82c4eeff28f8803ddf657781b2c1328b') in 0.077043 seconds 
========================================================================
Received Import Request.
  Time since last request: 0.000024 seconds.
  path: Assets/DownAssets/Epic Toon FX/Prefabs/Combat/Sword/- Legacy/SwordHitLegacy/SwordHitYellowLegacy.prefab
  artifactKey: Guid(34c0bb57ead7c754589d474a7c695b41) Importer(815301076,1909f56bfc062723c751e8b465ee728b)
Start importing Assets/DownAssets/Epic Toon FX/Prefabs/Combat/Sword/- Legacy/SwordHitLegacy/SwordHitYellowLegacy.prefab using Guid(34c0bb57ead7c754589d474a7c695b41) Importer(815301076,1909f56bfc062723c751e8b465ee728b)  -> (artifact id: '9bcc37a29df2215166b7e858f7951025') in 0.056371 seconds 
========================================================================
Received Import Request.
  Time since last request: 0.000019 seconds.
  path: Assets/DownAssets/Epic Toon FX/Demo/Missile Prefabs/Gas/GasGreenOBJ.prefab
  artifactKey: Guid(0de00afa5e12ea14197cf4a5dd756921) Importer(815301076,1909f56bfc062723c751e8b465ee728b)
Start importing Assets/DownAssets/Epic Toon FX/Demo/Missile Prefabs/Gas/GasGreenOBJ.prefab using Guid(0de00afa5e12ea14197cf4a5dd756921) Importer(815301076,1909f56bfc062723c751e8b465ee728b)  -> (artifact id: '97a5a015682ab30fcad586ad0c576d02') in 0.049187 seconds 
========================================================================
Received Import Request.
  Time since last request: 0.000023 seconds.
  path: Assets/DownAssets/Epic Toon FX/Prefabs/Combat/Explosions/MegaExplosion/MegaExplosionYellow.prefab
  artifactKey: Guid(23ffe291646e5a24cb5322ad0784de8c) Importer(815301076,1909f56bfc062723c751e8b465ee728b)
Start importing Assets/DownAssets/Epic Toon FX/Prefabs/Combat/Explosions/MegaExplosion/MegaExplosionYellow.prefab using Guid(23ffe291646e5a24cb5322ad0784de8c) Importer(815301076,1909f56bfc062723c751e8b465ee728b)  -> (artifact id: 'e202e5c2426565a8459a90006a0e9055') in 0.043430 seconds 
========================================================================
Received Import Request.
  Time since last request: 0.000026 seconds.
  path: Assets/DownAssets/Epic Toon FX/Prefabs/Combat/Explosions/MegaExplosion/MegaExplosionBlue.prefab
  artifactKey: Guid(00f24abfdf0d75142ad604932304d8c9) Importer(815301076,1909f56bfc062723c751e8b465ee728b)
Start importing Assets/DownAssets/Epic Toon FX/Prefabs/Combat/Explosions/MegaExplosion/MegaExplosionBlue.prefab using Guid(00f24abfdf0d75142ad604932304d8c9) Importer(815301076,1909f56bfc062723c751e8b465ee728b)  -> (artifact id: '90508e65b9767777eca8fa284954842a') in 0.045760 seconds 
========================================================================
Received Import Request.
  Time since last request: 0.000035 seconds.
  path: Assets/DownAssets/Epic Toon FX/Prefabs/Environment/Fire/Spiky/Big/SpikyFireBigAdditiveGreen.prefab
  artifactKey: Guid(9f34aebd11d79754caffd0063174f4b1) Importer(815301076,1909f56bfc062723c751e8b465ee728b)
Start importing Assets/DownAssets/Epic Toon FX/Prefabs/Environment/Fire/Spiky/Big/SpikyFireBigAdditiveGreen.prefab using Guid(9f34aebd11d79754caffd0063174f4b1) Importer(815301076,1909f56bfc062723c751e8b465ee728b)  -> (artifact id: 'a80aeb7ab3f9d92ca46ac7d9bc1efb76') in 0.026156 seconds 
========================================================================
Received Import Request.
  Time since last request: 0.000018 seconds.
  path: Assets/DownAssets/Epic Toon FX/Prefabs/Environment/Fire/Spiky/Big/SpikyFireBigAdditiveRed.prefab
  artifactKey: Guid(12cc36f2fb9262e4798308d4ad730735) Importer(815301076,1909f56bfc062723c751e8b465ee728b)
Start importing Assets/DownAssets/Epic Toon FX/Prefabs/Environment/Fire/Spiky/Big/SpikyFireBigAdditiveRed.prefab using Guid(12cc36f2fb9262e4798308d4ad730735) Importer(815301076,1909f56bfc062723c751e8b465ee728b)  -> (artifact id: '344059cff477f76c3f16272a4e29bca2') in 0.027786 seconds 
========================================================================
Received Import Request.
  Time since last request: 0.000019 seconds.
  path: Assets/DownAssets/Epic Toon FX/Prefabs/Combat/Explosions/GasExplosion/GasExplosionPink.prefab
  artifactKey: Guid(dd38b45e2135c854d87201aa3d863978) Importer(815301076,1909f56bfc062723c751e8b465ee728b)
Start importing Assets/DownAssets/Epic Toon FX/Prefabs/Combat/Explosions/GasExplosion/GasExplosionPink.prefab using Guid(dd38b45e2135c854d87201aa3d863978) Importer(815301076,1909f56bfc062723c751e8b465ee728b)  -> (artifact id: '5604c2b0a67225233b7fa2bf387b0770') in 0.027400 seconds 
========================================================================
Received Import Request.
  Time since last request: 0.000020 seconds.
  path: Assets/DownAssets/Epic Toon FX/Prefabs/Combat/Missiles/Gas/GasMissilePink.prefab
  artifactKey: Guid(633cb549b09948a428a5acf3f73ab125) Importer(815301076,1909f56bfc062723c751e8b465ee728b)
Start importing Assets/DownAssets/Epic Toon FX/Prefabs/Combat/Missiles/Gas/GasMissilePink.prefab using Guid(633cb549b09948a428a5acf3f73ab125) Importer(815301076,1909f56bfc062723c751e8b465ee728b)  -> (artifact id: 'bbc417d66ba8e8ae2ec28c9788f5ab75') in 0.029597 seconds 
========================================================================
Received Import Request.
  Time since last request: 0.000021 seconds.
  path: Assets/DownAssets/Epic Toon FX/Prefabs/Combat/Sword/- Legacy/SwordHitCriticalLegacy/SwordHitYellowCriticalLegacy.prefab
  artifactKey: Guid(6ab7abbfd8e92a94eb0b6af1648572ac) Importer(815301076,1909f56bfc062723c751e8b465ee728b)
Start importing Assets/DownAssets/Epic Toon FX/Prefabs/Combat/Sword/- Legacy/SwordHitCriticalLegacy/SwordHitYellowCriticalLegacy.prefab using Guid(6ab7abbfd8e92a94eb0b6af1648572ac) Importer(815301076,1909f56bfc062723c751e8b465ee728b)  -> (artifact id: 'ad46bd76337a8ace2006d5126c7683b6') in 0.024319 seconds 
========================================================================
Received Import Request.
  Time since last request: 0.000023 seconds.
  path: Assets/DownAssets/Epic Toon FX/Prefabs/Combat/Explosions/MegaExplosion/MegaExplosionGreen.prefab
  artifactKey: Guid(67bdebbb85b13b245b9a81082c88a910) Importer(815301076,1909f56bfc062723c751e8b465ee728b)
Start importing Assets/DownAssets/Epic Toon FX/Prefabs/Combat/Explosions/MegaExplosion/MegaExplosionGreen.prefab using Guid(67bdebbb85b13b245b9a81082c88a910) Importer(815301076,1909f56bfc062723c751e8b465ee728b)  -> (artifact id: 'e7c7d48c87796c43d17bbf53c0105848') in 0.052657 seconds 
========================================================================
Received Import Request.
  Time since last request: 0.000022 seconds.
  path: Assets/DownAssets/Epic Toon FX/Demo/Missile Prefabs/Gas/GasFireOBJ.prefab
  artifactKey: Guid(7da1504feb7a37c42bb8336084f4c889) Importer(815301076,1909f56bfc062723c751e8b465ee728b)
Start importing Assets/DownAssets/Epic Toon FX/Demo/Missile Prefabs/Gas/GasFireOBJ.prefab using Guid(7da1504feb7a37c42bb8336084f4c889) Importer(815301076,1909f56bfc062723c751e8b465ee728b)  -> (artifact id: 'df2fc5fd81858c9e0054b00f0921caf4') in 0.034182 seconds 
========================================================================
Received Import Request.
  Time since last request: 0.000027 seconds.
  path: Assets/DownAssets/Epic Toon FX/Sound/etfx_shoot_gas2.wav
  artifactKey: Guid(c6d45d69015ca934fbd95932874c5b59) Importer(815301076,1909f56bfc062723c751e8b465ee728b)
Start importing Assets/DownAssets/Epic Toon FX/Sound/etfx_shoot_gas2.wav using Guid(c6d45d69015ca934fbd95932874c5b59) Importer(815301076,1909f56bfc062723c751e8b465ee728b)  -> (artifact id: '3dad94850d70dee1da8e8197a16ad5c0') in 0.012244 seconds 
Editor requested this worker to shutdown with reason: Scaling down because of idle timeout
AssetImportWorker is now disconnected from the server
Process exiting
Exiting without the bug reporter. Application will terminate with return code 0