Using pre-set license
Built from '2021.3/staging' branch; Version is '2021.3.8f1 (b30333d56e81) revision 11731763'; Using compiler version '192829333'; Build Type 'Release'
OS: 'Windows 10  (10.0.17763) 64bit Professional' Language: 'ko' Physical Memory: 16190 MB
BatchMode: 1, IsHumanControllingUs: 0, StartBugReporterOnCrash: 0, Is64bit: 1, IsPro: 1

COMMAND LINE ARGUMENTS:
C:\Program Files\Unity\Hub\Editor\2021.3.8f1\Editor\Unity.exe
-adb2
-batchMode
-noUpm
-name
AssetImportWorker0
-projectPath
D:/UnityGit/Project-A/PCVersion
-logFile
Logs/AssetImportWorker0.log
-srvPort
62319
Successfully changed project path to: D:/UnityGit/Project-A/PCVersion
D:/UnityGit/Project-A/PCVersion
[UnityMemory] Configuration Parameters - Can be set up in boot.config
    "memorysetup-bucket-allocator-granularity=16"
    "memorysetup-bucket-allocator-bucket-count=8"
    "memorysetup-bucket-allocator-block-size=33554432"
    "memorysetup-bucket-allocator-block-count=8"
    "memorysetup-main-allocator-block-size=16777216"
    "memorysetup-thread-allocator-block-size=16777216"
    "memorysetup-gfx-main-allocator-block-size=16777216"
    "memorysetup-gfx-thread-allocator-block-size=16777216"
    "memorysetup-cache-allocator-block-size=4194304"
    "memorysetup-typetree-allocator-block-size=2097152"
    "memorysetup-profiler-bucket-allocator-granularity=16"
    "memorysetup-profiler-bucket-allocator-bucket-count=8"
    "memorysetup-profiler-bucket-allocator-block-size=33554432"
    "memorysetup-profiler-bucket-allocator-block-count=8"
    "memorysetup-profiler-allocator-block-size=16777216"
    "memorysetup-profiler-editor-allocator-block-size=1048576"
    "memorysetup-temp-allocator-size-main=16777216"
    "memorysetup-job-temp-allocator-block-size=2097152"
    "memorysetup-job-temp-allocator-block-size-background=1048576"
    "memorysetup-job-temp-allocator-reduction-small-platforms=262144"
    "memorysetup-temp-allocator-size-background-worker=32768"
    "memorysetup-temp-allocator-size-job-worker=262144"
    "memorysetup-temp-allocator-size-preload-manager=33554432"
    "memorysetup-temp-allocator-size-nav-mesh-worker=65536"
    "memorysetup-temp-allocator-size-audio-worker=65536"
    "memorysetup-temp-allocator-size-cloud-worker=32768"
    "memorysetup-temp-allocator-size-gi-baking-worker=262144"
    "memorysetup-temp-allocator-size-gfx=262144"
Refreshing native plugins compatible for Editor in 113.98 ms, found 4 plugins.
Preloading 0 native plugins for Editor in 0.00 ms.
Initialize engine version: 2021.3.8f1 (b30333d56e81)
[Subsystems] Discovering subsystems at path C:/Program Files/Unity/Hub/Editor/2021.3.8f1/Editor/Data/Resources/UnitySubsystems
[Subsystems] Discovering subsystems at path D:/UnityGit/Project-A/PCVersion/Assets
GfxDevice: creating device client; threaded=0; jobified=0
Direct3D:
    Version:  Direct3D 11.0 [level 11.1]
    Renderer: NVIDIA GeForce GTX 1080 (ID=0x1b80)
    Vendor:   NVIDIA
    VRAM:     8079 MB
    Driver:   27.21.14.5751
Initialize mono
Mono path[0] = 'C:/Program Files/Unity/Hub/Editor/2021.3.8f1/Editor/Data/Managed'
Mono path[1] = 'C:/Program Files/Unity/Hub/Editor/2021.3.8f1/Editor/Data/MonoBleedingEdge/lib/mono/unityjit-win32'
Mono config path = 'C:/Program Files/Unity/Hub/Editor/2021.3.8f1/Editor/Data/MonoBleedingEdge/etc'
Using monoOptions --debugger-agent=transport=dt_socket,embedding=1,server=y,suspend=n,address=127.0.0.1:56276
Begin MonoManager ReloadAssembly
Registering precompiled unity dll's ...
Register platform support module: C:/Program Files/Unity/Hub/Editor/2021.3.8f1/Editor/Data/PlaybackEngines/WindowsStandaloneSupport/UnityEditor.WindowsStandalone.Extensions.dll
Registered in 0.003882 seconds.
Native extension for WindowsStandalone target not found
Refreshing native plugins compatible for Editor in 110.20 ms, found 4 plugins.
Preloading 0 native plugins for Editor in 0.00 ms.
Mono: successfully reloaded assembly
- Completed reload, in  0.612 seconds
Domain Reload Profiling:
	ReloadAssembly (612ms)
		BeginReloadAssembly (69ms)
			ExecutionOrderSort (0ms)
			DisableScriptedObjects (0ms)
			BackupInstance (0ms)
			ReleaseScriptingObjects (0ms)
			CreateAndSetChildDomain (1ms)
		EndReloadAssembly (447ms)
			LoadAssemblies (67ms)
			RebuildTransferFunctionScriptingTraits (0ms)
			SetupTypeCache (94ms)
			ReleaseScriptCaches (0ms)
			RebuildScriptCaches (29ms)
			SetupLoadedEditorAssemblies (276ms)
				LogAssemblyErrors (0ms)
				InitializePlatformSupportModulesInManaged (7ms)
				SetLoadedEditorAssemblies (0ms)
				RefreshPlugins (110ms)
				BeforeProcessingInitializeOnLoad (1ms)
				ProcessInitializeOnLoadAttributes (113ms)
				ProcessInitializeOnLoadMethodAttributes (45ms)
				AfterProcessingInitializeOnLoad (0ms)
				EditorAssembliesLoaded (0ms)
			ExecutionOrderSort2 (0ms)
			AwakeInstancesAfterBackupRestoration (0ms)
Platform modules already initialized, skipping
Registering precompiled user dll's ...
Registered in 0.004905 seconds.
Begin MonoManager ReloadAssembly
Symbol file LoadedFromMemory doesn't match image D:\UnityGit\Project-A\PCVersion\Library\PackageCache\com.unity.visualscripting@1.7.8\Editor\VisualScripting.Core\Dependencies\YamlDotNet\Unity.VisualScripting.YamlDotNet.dll
Symbol file LoadedFromMemory doesn't match image D:\UnityGit\Project-A\PCVersion\Library\PackageCache\com.unity.visualscripting@1.7.8\Editor\VisualScripting.Core\Dependencies\DotNetZip\Unity.VisualScripting.IonicZip.dll
Native extension for WindowsStandalone target not found
Refreshing native plugins compatible for Editor in 112.76 ms, found 4 plugins.
Preloading 0 native plugins for Editor in 0.00 ms.
Mono: successfully reloaded assembly
- Completed reload, in  1.109 seconds
Domain Reload Profiling:
	ReloadAssembly (1110ms)
		BeginReloadAssembly (101ms)
			ExecutionOrderSort (0ms)
			DisableScriptedObjects (5ms)
			BackupInstance (0ms)
			ReleaseScriptingObjects (0ms)
			CreateAndSetChildDomain (18ms)
		EndReloadAssembly (909ms)
			LoadAssemblies (79ms)
			RebuildTransferFunctionScriptingTraits (0ms)
			SetupTypeCache (227ms)
			ReleaseScriptCaches (1ms)
			RebuildScriptCaches (56ms)
			SetupLoadedEditorAssemblies (496ms)
				LogAssemblyErrors (0ms)
				InitializePlatformSupportModulesInManaged (4ms)
				SetLoadedEditorAssemblies (0ms)
				RefreshPlugins (113ms)
				BeforeProcessingInitializeOnLoad (95ms)
				ProcessInitializeOnLoadAttributes (238ms)
				ProcessInitializeOnLoadMethodAttributes (41ms)
				AfterProcessingInitializeOnLoad (5ms)
				EditorAssembliesLoaded (0ms)
			ExecutionOrderSort2 (0ms)
			AwakeInstancesAfterBackupRestoration (8ms)
Platform modules already initialized, skipping
========================================================================
Worker process is ready to serve import requests
Launched and connected shader compiler UnityShaderCompiler.exe after 0.04 seconds
Refreshing native plugins compatible for Editor in 0.99 ms, found 4 plugins.
Preloading 0 native plugins for Editor in 0.00 ms.
Unloading 4137 Unused Serialized files (Serialized files now loaded: 0)
Unloading 44 unused Assets / (223.3 KB). Loaded Objects now: 4591.
Memory consumption went from 156.7 MB to 156.5 MB.
Total: 3.451600 ms (FindLiveObjects: 0.300400 ms CreateObjectMapping: 0.251800 ms MarkObjects: 2.739600 ms  DeleteObjects: 0.159200 ms)

AssetImportParameters requested are different than current active one (requested -> active):
  custom:video-decoder-ogg-theora: a1e56fd34408186e4bbccfd4996cb3dc -> 
  custom:container-muxer-webm: aa71ff27fc2769a1b78a27578f13a17b -> 
  custom:container-demuxer-webm: 4f35f7cbe854078d1ac9338744f61a02 -> 
  custom:video-encoder-webm-vp8: eb34c28f22e8b96e1ab97ce403110664 -> 
  custom:video-codec-MediaFoundation-h265: 746d11721c4dcdbdad8f713fa42b33f4 -> 
  custom:audio-encoder-webm-vorbis: bf7c407c2cedff20999df2af8eb42d56 -> 
  custom:framework-win-MediaFoundation: 216162199b28c13a410421893ffa2e32 -> 
  custom:container-demuxer-ogg: 62fdf1f143b41e24485cea50d1cbac27 -> 
  custom:video-decoder-webm-vp8: 9c59270c3fd7afecdb556c50c9e8de78 -> 
  custom:audio-decoder-ogg-vorbis: bf7c407c2cedff20999df2af8eb42d56 -> 
========================================================================
Received Import Request.
  Time since last request: 11578.011136 seconds.
  path: Assets/Image/216BDA35531ED1D72E.png
  artifactKey: Guid(12b5c1dc9c2beba47a989d64688ad747) Importer(815301076,1909f56bfc062723c751e8b465ee728b)
Start importing Assets/Image/216BDA35531ED1D72E.png using Guid(12b5c1dc9c2beba47a989d64688ad747) Importer(815301076,1909f56bfc062723c751e8b465ee728b)  -> (artifact id: '3e5f4af688682b2fd339b43966ef7ff0') in 0.123152 seconds 
========================================================================
Received Import Request.
  Time since last request: 34.588441 seconds.
  path: Assets/Prefabs/EliteMonster/Fire3AttackAnim_test/bozi.png
  artifactKey: Guid(61af62a1eaa00f54c80f14730269fa00) Importer(815301076,1909f56bfc062723c751e8b465ee728b)
Start importing Assets/Prefabs/EliteMonster/Fire3AttackAnim_test/bozi.png using Guid(61af62a1eaa00f54c80f14730269fa00) Importer(815301076,1909f56bfc062723c751e8b465ee728b)  -> (artifact id: '815c17ddb803359aabbac1b37a3494b5') in 0.037744 seconds 
========================================================================
Received Import Request.
  Time since last request: 0.150847 seconds.
  path: Assets/Prefabs/EliteMonster/Fire3AttackAnim_test/bozi_0.controller
  artifactKey: Guid(a2a64f5ec12d59e439d34b31f6f41a13) Importer(815301076,1909f56bfc062723c751e8b465ee728b)
Start importing Assets/Prefabs/EliteMonster/Fire3AttackAnim_test/bozi_0.controller using Guid(a2a64f5ec12d59e439d34b31f6f41a13) Importer(815301076,1909f56bfc062723c751e8b465ee728b)  -> (artifact id: '9b8d0b72038c156f90cb10d836c4907b') in 0.009722 seconds 
========================================================================
Received Import Request.
  Time since last request: 6.356220 seconds.
  path: Assets/Prefabs/EliteMonster/Water3AttackAnim_test/Bozi_Water.png
  artifactKey: Guid(d234c3d19c7d1a348a9d245a77b1ee80) Importer(815301076,1909f56bfc062723c751e8b465ee728b)
Start importing Assets/Prefabs/EliteMonster/Water3AttackAnim_test/Bozi_Water.png using Guid(d234c3d19c7d1a348a9d245a77b1ee80) Importer(815301076,1909f56bfc062723c751e8b465ee728b)  -> (artifact id: '298803dc4ee85de324c8098555941003') in 0.054277 seconds 
========================================================================
Received Import Request.
  Time since last request: 12.803705 seconds.
  path: Assets/Prefabs/EliteMonster/Water3AttackAnim_test/W3EliteAttak.anim
  artifactKey: Guid(34ef8908eea514945b5510bf44d154c5) Importer(815301076,1909f56bfc062723c751e8b465ee728b)
Start importing Assets/Prefabs/EliteMonster/Water3AttackAnim_test/W3EliteAttak.anim using Guid(34ef8908eea514945b5510bf44d154c5) Importer(815301076,1909f56bfc062723c751e8b465ee728b)  -> (artifact id: 'ec1abb9ca4a495c3b408f9021f539f3d') in 0.006277 seconds 
========================================================================
Received Import Request.
  Time since last request: 15.212540 seconds.
  path: Assets/Scripts/Enemy/EliteMonster/W3AttackScript.cs
  artifactKey: Guid(51fb3da1d80d50e45ad81c1acbe367aa) Importer(815301076,1909f56bfc062723c751e8b465ee728b)
Start importing Assets/Scripts/Enemy/EliteMonster/W3AttackScript.cs using Guid(51fb3da1d80d50e45ad81c1acbe367aa) Importer(815301076,1909f56bfc062723c751e8b465ee728b)  -> (artifact id: '8db42c035ebc8ae99d4f8bd4b59cf7e9') in 0.007790 seconds 
========================================================================
Received Import Request.
  Time since last request: 25.983749 seconds.
  path: Assets/Prefabs/EliteMonster/Water3AttackAnim_test/W_3_Attack.prefab
  artifactKey: Guid(578d5a70071ddf342a0074216e535990) Importer(815301076,1909f56bfc062723c751e8b465ee728b)
Start importing Assets/Prefabs/EliteMonster/Water3AttackAnim_test/W_3_Attack.prefab using Guid(578d5a70071ddf342a0074216e535990) Importer(815301076,1909f56bfc062723c751e8b465ee728b)  -> (artifact id: '94347b4db52177280d8e9953a57a989b') in 0.970343 seconds 
========================================================================
Received Import Request.
  Time since last request: 66.006736 seconds.
  path: Assets/Prefabs/EliteMonster/DistanceAttack/Earth_b_1.prefab
  artifactKey: Guid(0228b433010be654b99f2adf47610045) Importer(815301076,1909f56bfc062723c751e8b465ee728b)
Start importing Assets/Prefabs/EliteMonster/DistanceAttack/Earth_b_1.prefab using Guid(0228b433010be654b99f2adf47610045) Importer(815301076,1909f56bfc062723c751e8b465ee728b)  -> (artifact id: '7369e83aa3d337a071a9421e67bd6643') in 0.020599 seconds 
========================================================================
Received Import Request.
  Time since last request: 0.000028 seconds.
  path: Assets/Prefabs/EliteMonster/DistanceAttack/Water_b_2.prefab
  artifactKey: Guid(298a64af5e484184fb4c63a95c58e938) Importer(815301076,1909f56bfc062723c751e8b465ee728b)
Start importing Assets/Prefabs/EliteMonster/DistanceAttack/Water_b_2.prefab using Guid(298a64af5e484184fb4c63a95c58e938) Importer(815301076,1909f56bfc062723c751e8b465ee728b)  -> (artifact id: '06318dc1d4fc66d04809af30f1629f37') in 0.013971 seconds 
========================================================================
Received Import Request.
  Time since last request: 0.000027 seconds.
  path: Assets/Prefabs/EliteMonster/DistanceAttack/Fire_b_2.prefab
  artifactKey: Guid(3c2bdf73be265cc4fad402ba0b7359c4) Importer(815301076,1909f56bfc062723c751e8b465ee728b)
Start importing Assets/Prefabs/EliteMonster/DistanceAttack/Fire_b_2.prefab using Guid(3c2bdf73be265cc4fad402ba0b7359c4) Importer(815301076,1909f56bfc062723c751e8b465ee728b)  -> (artifact id: 'e8d252b4f846cde045e38e5cde6350da') in 0.016398 seconds 
========================================================================
Received Import Request.
  Time since last request: 9.438280 seconds.
  path: Assets/Prefabs/EliteMonster/DistanceAttack/Earth_b_2.prefab
  artifactKey: Guid(132c300e824294a49b131b6ef9c5bc0f) Importer(815301076,1909f56bfc062723c751e8b465ee728b)
Start importing Assets/Prefabs/EliteMonster/DistanceAttack/Earth_b_2.prefab using Guid(132c300e824294a49b131b6ef9c5bc0f) Importer(815301076,1909f56bfc062723c751e8b465ee728b)  -> (artifact id: '69722fb5c5ed9f1847c20fcb612e3428') in 0.008920 seconds 
========================================================================
Received Import Request.
  Time since last request: 0.000024 seconds.
  path: Assets/Prefabs/EliteMonster/DistanceAttack/Water_b_2.prefab
  artifactKey: Guid(298a64af5e484184fb4c63a95c58e938) Importer(815301076,1909f56bfc062723c751e8b465ee728b)
Start importing Assets/Prefabs/EliteMonster/DistanceAttack/Water_b_2.prefab using Guid(298a64af5e484184fb4c63a95c58e938) Importer(815301076,1909f56bfc062723c751e8b465ee728b)  -> (artifact id: '3ecf7b97b55f391a7f4f366634aa4300') in 0.008185 seconds 
Editor requested this worker to shutdown with reason: Scaling down because of idle timeout
AssetImportWorker is now disconnected from the server
Process exiting
Exiting without the bug reporter. Application will terminate with return code 0